INFO [2020-03-25 22:07:55] [[1]]
INFO [2020-03-25 22:07:55] x
INFO [2020-03-25 22:07:55] 
INFO [2020-03-25 22:07:55] $col
INFO [2020-03-25 22:07:55] colors
INFO [2020-03-25 22:07:55] 
INFO [2020-03-25 22:07:55] $margin
INFO [2020-03-25 22:07:55] [1] 0.05
INFO [2020-03-25 22:07:55] 
INFO [2020-03-25 22:07:55] $filename
INFO [2020-03-25 22:07:55] NULL
INFO [2020-03-25 22:07:55] 
INFO [2020-03-25 22:07:55] $resolution
INFO [2020-03-25 22:07:55] [1] 900
INFO [2020-03-25 22:07:55] 
INFO [2020-03-25 22:07:55] $height
INFO [2020-03-25 22:07:55] [1] 400
INFO [2020-03-25 22:07:55] 
INFO [2020-03-25 22:07:55] $force.unique
INFO [2020-03-25 22:07:55] T
INFO [2020-03-25 22:07:55] 
INFO [2020-03-25 22:07:55] $main
INFO [2020-03-25 22:07:55] main
INFO [2020-03-25 22:07:55] 
INFO [2020-03-25 22:07:55] $sub
INFO [2020-03-25 22:07:55] [1] " "
INFO [2020-03-25 22:07:55] 
INFO [2020-03-25 22:07:55] $sub.pos
INFO [2020-03-25 22:07:55] c(0, 0)
INFO [2020-03-25 22:07:55] 
INFO [2020-03-25 22:07:55] $scaled
INFO [2020-03-25 22:07:55] F
INFO [2020-03-25 22:07:55] 
INFO [2020-03-25 22:07:55] $cat.cex
INFO [2020-03-25 22:07:55] [1] 1.1
INFO [2020-03-25 22:07:55] 
INFO [2020-03-25 22:07:55] $cex
INFO [2020-03-25 22:07:55] [1] 2
INFO [2020-03-25 22:07:55] 
INFO [2020-03-25 22:07:55] $cat.pos
INFO [2020-03-25 22:07:55] c(180, 180)
INFO [2020-03-25 22:07:55] 
INFO [2020-03-25 22:07:55] $cat.dist
INFO [2020-03-25 22:07:55] c(0.05, 0.05)
INFO [2020-03-25 22:07:55] 
INFO [2020-03-25 22:07:55] $fontfamily
INFO [2020-03-25 22:07:55] [1] "sans"
INFO [2020-03-25 22:07:55] 
INFO [2020-03-25 22:07:55] $cat.fontfamily
INFO [2020-03-25 22:07:55] [1] "sans"
INFO [2020-03-25 22:07:55] 
INFO [2020-03-25 22:07:55] $main.fontfamily
INFO [2020-03-25 22:07:55] [1] "sans"
INFO [2020-03-25 22:07:55] 
