INFO [2020-03-25 16:03:48] [[1]]
INFO [2020-03-25 16:03:48] x
INFO [2020-03-25 16:03:48] 
INFO [2020-03-25 16:03:48] $col
INFO [2020-03-25 16:03:48] colors
INFO [2020-03-25 16:03:48] 
INFO [2020-03-25 16:03:48] $margin
INFO [2020-03-25 16:03:48] [1] 0.05
INFO [2020-03-25 16:03:48] 
INFO [2020-03-25 16:03:48] $filename
INFO [2020-03-25 16:03:48] NULL
INFO [2020-03-25 16:03:48] 
INFO [2020-03-25 16:03:48] $resolution
INFO [2020-03-25 16:03:48] [1] 900
INFO [2020-03-25 16:03:48] 
INFO [2020-03-25 16:03:48] $height
INFO [2020-03-25 16:03:48] [1] 400
INFO [2020-03-25 16:03:48] 
INFO [2020-03-25 16:03:48] $force.unique
INFO [2020-03-25 16:03:48] T
INFO [2020-03-25 16:03:48] 
INFO [2020-03-25 16:03:48] $main
INFO [2020-03-25 16:03:48] main
INFO [2020-03-25 16:03:48] 
INFO [2020-03-25 16:03:48] $sub
INFO [2020-03-25 16:03:48] [1] " "
INFO [2020-03-25 16:03:48] 
INFO [2020-03-25 16:03:48] $sub.pos
INFO [2020-03-25 16:03:48] c(0, 0)
INFO [2020-03-25 16:03:48] 
INFO [2020-03-25 16:03:48] $scaled
INFO [2020-03-25 16:03:48] F
INFO [2020-03-25 16:03:48] 
INFO [2020-03-25 16:03:48] $cat.cex
INFO [2020-03-25 16:03:48] [1] 1.1
INFO [2020-03-25 16:03:48] 
INFO [2020-03-25 16:03:48] $cex
INFO [2020-03-25 16:03:48] [1] 2
INFO [2020-03-25 16:03:48] 
INFO [2020-03-25 16:03:48] $cat.pos
INFO [2020-03-25 16:03:48] c(180, 180)
INFO [2020-03-25 16:03:48] 
INFO [2020-03-25 16:03:48] $cat.dist
INFO [2020-03-25 16:03:48] c(0.05, 0.05)
INFO [2020-03-25 16:03:48] 
INFO [2020-03-25 16:03:48] $fontfamily
INFO [2020-03-25 16:03:48] [1] "sans"
INFO [2020-03-25 16:03:48] 
INFO [2020-03-25 16:03:48] $cat.fontfamily
INFO [2020-03-25 16:03:48] [1] "sans"
INFO [2020-03-25 16:03:48] 
INFO [2020-03-25 16:03:48] $main.fontfamily
INFO [2020-03-25 16:03:48] [1] "sans"
INFO [2020-03-25 16:03:48] 
