INFO [2020-03-25 22:11:59] [[1]]
INFO [2020-03-25 22:11:59] x
INFO [2020-03-25 22:11:59] 
INFO [2020-03-25 22:11:59] $col
INFO [2020-03-25 22:11:59] colors
INFO [2020-03-25 22:11:59] 
INFO [2020-03-25 22:11:59] $margin
INFO [2020-03-25 22:11:59] [1] 0.05
INFO [2020-03-25 22:11:59] 
INFO [2020-03-25 22:11:59] $filename
INFO [2020-03-25 22:11:59] NULL
INFO [2020-03-25 22:11:59] 
INFO [2020-03-25 22:11:59] $resolution
INFO [2020-03-25 22:11:59] [1] 900
INFO [2020-03-25 22:11:59] 
INFO [2020-03-25 22:11:59] $height
INFO [2020-03-25 22:11:59] [1] 400
INFO [2020-03-25 22:11:59] 
INFO [2020-03-25 22:11:59] $force.unique
INFO [2020-03-25 22:11:59] T
INFO [2020-03-25 22:11:59] 
INFO [2020-03-25 22:11:59] $main
INFO [2020-03-25 22:11:59] main
INFO [2020-03-25 22:11:59] 
INFO [2020-03-25 22:11:59] $sub
INFO [2020-03-25 22:11:59] [1] " "
INFO [2020-03-25 22:11:59] 
INFO [2020-03-25 22:11:59] $sub.pos
INFO [2020-03-25 22:11:59] c(0, 0)
INFO [2020-03-25 22:11:59] 
INFO [2020-03-25 22:11:59] $scaled
INFO [2020-03-25 22:11:59] F
INFO [2020-03-25 22:11:59] 
INFO [2020-03-25 22:11:59] $cat.cex
INFO [2020-03-25 22:11:59] [1] 1.1
INFO [2020-03-25 22:11:59] 
INFO [2020-03-25 22:11:59] $cex
INFO [2020-03-25 22:11:59] [1] 2
INFO [2020-03-25 22:11:59] 
INFO [2020-03-25 22:11:59] $cat.pos
INFO [2020-03-25 22:11:59] c(180, 180)
INFO [2020-03-25 22:11:59] 
INFO [2020-03-25 22:11:59] $cat.dist
INFO [2020-03-25 22:11:59] c(0.05, 0.05)
INFO [2020-03-25 22:11:59] 
INFO [2020-03-25 22:11:59] $fontfamily
INFO [2020-03-25 22:11:59] [1] "sans"
INFO [2020-03-25 22:11:59] 
INFO [2020-03-25 22:11:59] $cat.fontfamily
INFO [2020-03-25 22:11:59] [1] "sans"
INFO [2020-03-25 22:11:59] 
INFO [2020-03-25 22:11:59] $main.fontfamily
INFO [2020-03-25 22:11:59] [1] "sans"
INFO [2020-03-25 22:11:59] 
