INFO [2020-03-25 18:28:09] [[1]]
INFO [2020-03-25 18:28:09] x
INFO [2020-03-25 18:28:09] 
INFO [2020-03-25 18:28:09] $col
INFO [2020-03-25 18:28:09] colors
INFO [2020-03-25 18:28:09] 
INFO [2020-03-25 18:28:09] $margin
INFO [2020-03-25 18:28:09] [1] 0.05
INFO [2020-03-25 18:28:09] 
INFO [2020-03-25 18:28:09] $filename
INFO [2020-03-25 18:28:09] NULL
INFO [2020-03-25 18:28:09] 
INFO [2020-03-25 18:28:09] $resolution
INFO [2020-03-25 18:28:09] [1] 900
INFO [2020-03-25 18:28:09] 
INFO [2020-03-25 18:28:09] $height
INFO [2020-03-25 18:28:09] [1] 400
INFO [2020-03-25 18:28:09] 
INFO [2020-03-25 18:28:09] $force.unique
INFO [2020-03-25 18:28:09] T
INFO [2020-03-25 18:28:09] 
INFO [2020-03-25 18:28:09] $main
INFO [2020-03-25 18:28:09] main
INFO [2020-03-25 18:28:09] 
INFO [2020-03-25 18:28:09] $sub
INFO [2020-03-25 18:28:09] [1] " "
INFO [2020-03-25 18:28:09] 
INFO [2020-03-25 18:28:09] $sub.pos
INFO [2020-03-25 18:28:09] c(0, 0)
INFO [2020-03-25 18:28:09] 
INFO [2020-03-25 18:28:09] $scaled
INFO [2020-03-25 18:28:09] F
INFO [2020-03-25 18:28:09] 
INFO [2020-03-25 18:28:09] $cat.cex
INFO [2020-03-25 18:28:09] [1] 1.1
INFO [2020-03-25 18:28:09] 
INFO [2020-03-25 18:28:09] $cex
INFO [2020-03-25 18:28:09] [1] 2
INFO [2020-03-25 18:28:09] 
INFO [2020-03-25 18:28:09] $cat.pos
INFO [2020-03-25 18:28:09] c(180, 180)
INFO [2020-03-25 18:28:09] 
INFO [2020-03-25 18:28:09] $cat.dist
INFO [2020-03-25 18:28:09] c(0.05, 0.05)
INFO [2020-03-25 18:28:09] 
INFO [2020-03-25 18:28:09] $fontfamily
INFO [2020-03-25 18:28:09] [1] "sans"
INFO [2020-03-25 18:28:09] 
INFO [2020-03-25 18:28:09] $cat.fontfamily
INFO [2020-03-25 18:28:09] [1] "sans"
INFO [2020-03-25 18:28:09] 
INFO [2020-03-25 18:28:09] $main.fontfamily
INFO [2020-03-25 18:28:09] [1] "sans"
INFO [2020-03-25 18:28:09] 
