INFO [2020-03-27 01:13:15] [[1]]
INFO [2020-03-27 01:13:15] x
INFO [2020-03-27 01:13:15] 
INFO [2020-03-27 01:13:15] $col
INFO [2020-03-27 01:13:15] colors
INFO [2020-03-27 01:13:15] 
INFO [2020-03-27 01:13:15] $margin
INFO [2020-03-27 01:13:15] [1] 0.05
INFO [2020-03-27 01:13:15] 
INFO [2020-03-27 01:13:15] $filename
INFO [2020-03-27 01:13:15] NULL
INFO [2020-03-27 01:13:15] 
INFO [2020-03-27 01:13:15] $resolution
INFO [2020-03-27 01:13:15] [1] 900
INFO [2020-03-27 01:13:15] 
INFO [2020-03-27 01:13:15] $height
INFO [2020-03-27 01:13:15] [1] 400
INFO [2020-03-27 01:13:15] 
INFO [2020-03-27 01:13:15] $force.unique
INFO [2020-03-27 01:13:15] T
INFO [2020-03-27 01:13:15] 
INFO [2020-03-27 01:13:15] $main
INFO [2020-03-27 01:13:15] main
INFO [2020-03-27 01:13:15] 
INFO [2020-03-27 01:13:15] $sub
INFO [2020-03-27 01:13:15] [1] " "
INFO [2020-03-27 01:13:15] 
INFO [2020-03-27 01:13:15] $sub.pos
INFO [2020-03-27 01:13:15] c(0, 0)
INFO [2020-03-27 01:13:15] 
INFO [2020-03-27 01:13:15] $scaled
INFO [2020-03-27 01:13:15] F
INFO [2020-03-27 01:13:15] 
INFO [2020-03-27 01:13:15] $cat.cex
INFO [2020-03-27 01:13:15] [1] 1.1
INFO [2020-03-27 01:13:15] 
INFO [2020-03-27 01:13:15] $cex
INFO [2020-03-27 01:13:15] [1] 2
INFO [2020-03-27 01:13:15] 
INFO [2020-03-27 01:13:15] $cat.pos
INFO [2020-03-27 01:13:15] c(180, 180)
INFO [2020-03-27 01:13:15] 
INFO [2020-03-27 01:13:15] $cat.dist
INFO [2020-03-27 01:13:15] c(0.05, 0.05)
INFO [2020-03-27 01:13:15] 
INFO [2020-03-27 01:13:15] $fontfamily
INFO [2020-03-27 01:13:15] [1] "sans"
INFO [2020-03-27 01:13:15] 
INFO [2020-03-27 01:13:15] $cat.fontfamily
INFO [2020-03-27 01:13:15] [1] "sans"
INFO [2020-03-27 01:13:15] 
INFO [2020-03-27 01:13:15] $main.fontfamily
INFO [2020-03-27 01:13:15] [1] "sans"
INFO [2020-03-27 01:13:15] 
