INFO [2020-03-25 16:11:35] [[1]]
INFO [2020-03-25 16:11:35] x
INFO [2020-03-25 16:11:35] 
INFO [2020-03-25 16:11:35] $col
INFO [2020-03-25 16:11:35] colors
INFO [2020-03-25 16:11:35] 
INFO [2020-03-25 16:11:35] $margin
INFO [2020-03-25 16:11:35] [1] 0.05
INFO [2020-03-25 16:11:35] 
INFO [2020-03-25 16:11:35] $filename
INFO [2020-03-25 16:11:35] NULL
INFO [2020-03-25 16:11:35] 
INFO [2020-03-25 16:11:35] $resolution
INFO [2020-03-25 16:11:35] [1] 900
INFO [2020-03-25 16:11:35] 
INFO [2020-03-25 16:11:35] $height
INFO [2020-03-25 16:11:35] [1] 400
INFO [2020-03-25 16:11:35] 
INFO [2020-03-25 16:11:35] $force.unique
INFO [2020-03-25 16:11:35] T
INFO [2020-03-25 16:11:35] 
INFO [2020-03-25 16:11:35] $main
INFO [2020-03-25 16:11:35] main
INFO [2020-03-25 16:11:35] 
INFO [2020-03-25 16:11:35] $sub
INFO [2020-03-25 16:11:35] [1] " "
INFO [2020-03-25 16:11:35] 
INFO [2020-03-25 16:11:35] $sub.pos
INFO [2020-03-25 16:11:35] c(0, 0)
INFO [2020-03-25 16:11:35] 
INFO [2020-03-25 16:11:35] $scaled
INFO [2020-03-25 16:11:35] F
INFO [2020-03-25 16:11:35] 
INFO [2020-03-25 16:11:35] $cat.cex
INFO [2020-03-25 16:11:35] [1] 1.1
INFO [2020-03-25 16:11:35] 
INFO [2020-03-25 16:11:35] $cex
INFO [2020-03-25 16:11:35] [1] 2
INFO [2020-03-25 16:11:35] 
INFO [2020-03-25 16:11:35] $cat.pos
INFO [2020-03-25 16:11:35] c(180, 180)
INFO [2020-03-25 16:11:35] 
INFO [2020-03-25 16:11:35] $cat.dist
INFO [2020-03-25 16:11:35] c(0.05, 0.05)
INFO [2020-03-25 16:11:35] 
INFO [2020-03-25 16:11:35] $fontfamily
INFO [2020-03-25 16:11:35] [1] "sans"
INFO [2020-03-25 16:11:35] 
INFO [2020-03-25 16:11:35] $cat.fontfamily
INFO [2020-03-25 16:11:35] [1] "sans"
INFO [2020-03-25 16:11:35] 
INFO [2020-03-25 16:11:35] $main.fontfamily
INFO [2020-03-25 16:11:35] [1] "sans"
INFO [2020-03-25 16:11:35] 
