INFO [2020-03-25 21:05:06] [[1]]
INFO [2020-03-25 21:05:06] x
INFO [2020-03-25 21:05:06] 
INFO [2020-03-25 21:05:06] $col
INFO [2020-03-25 21:05:06] colors
INFO [2020-03-25 21:05:06] 
INFO [2020-03-25 21:05:06] $margin
INFO [2020-03-25 21:05:06] [1] 0.05
INFO [2020-03-25 21:05:06] 
INFO [2020-03-25 21:05:06] $filename
INFO [2020-03-25 21:05:06] NULL
INFO [2020-03-25 21:05:06] 
INFO [2020-03-25 21:05:06] $resolution
INFO [2020-03-25 21:05:06] [1] 900
INFO [2020-03-25 21:05:06] 
INFO [2020-03-25 21:05:06] $height
INFO [2020-03-25 21:05:06] [1] 400
INFO [2020-03-25 21:05:06] 
INFO [2020-03-25 21:05:06] $force.unique
INFO [2020-03-25 21:05:06] T
INFO [2020-03-25 21:05:06] 
INFO [2020-03-25 21:05:06] $main
INFO [2020-03-25 21:05:06] main
INFO [2020-03-25 21:05:06] 
INFO [2020-03-25 21:05:06] $sub
INFO [2020-03-25 21:05:06] [1] " "
INFO [2020-03-25 21:05:06] 
INFO [2020-03-25 21:05:06] $sub.pos
INFO [2020-03-25 21:05:06] c(0, 0)
INFO [2020-03-25 21:05:06] 
INFO [2020-03-25 21:05:06] $scaled
INFO [2020-03-25 21:05:06] F
INFO [2020-03-25 21:05:06] 
INFO [2020-03-25 21:05:06] $cat.cex
INFO [2020-03-25 21:05:06] [1] 1.1
INFO [2020-03-25 21:05:06] 
INFO [2020-03-25 21:05:06] $cex
INFO [2020-03-25 21:05:06] [1] 2
INFO [2020-03-25 21:05:06] 
INFO [2020-03-25 21:05:06] $cat.pos
INFO [2020-03-25 21:05:06] c(180, 180)
INFO [2020-03-25 21:05:06] 
INFO [2020-03-25 21:05:06] $cat.dist
INFO [2020-03-25 21:05:06] c(0.05, 0.05)
INFO [2020-03-25 21:05:06] 
INFO [2020-03-25 21:05:06] $fontfamily
INFO [2020-03-25 21:05:06] [1] "sans"
INFO [2020-03-25 21:05:06] 
INFO [2020-03-25 21:05:06] $cat.fontfamily
INFO [2020-03-25 21:05:06] [1] "sans"
INFO [2020-03-25 21:05:06] 
INFO [2020-03-25 21:05:06] $main.fontfamily
INFO [2020-03-25 21:05:06] [1] "sans"
INFO [2020-03-25 21:05:06] 
