INFO [2020-03-25 20:48:20] [[1]]
INFO [2020-03-25 20:48:20] x
INFO [2020-03-25 20:48:20] 
INFO [2020-03-25 20:48:20] $col
INFO [2020-03-25 20:48:20] colors
INFO [2020-03-25 20:48:20] 
INFO [2020-03-25 20:48:20] $margin
INFO [2020-03-25 20:48:20] [1] 0.05
INFO [2020-03-25 20:48:20] 
INFO [2020-03-25 20:48:20] $filename
INFO [2020-03-25 20:48:20] NULL
INFO [2020-03-25 20:48:20] 
INFO [2020-03-25 20:48:20] $resolution
INFO [2020-03-25 20:48:20] [1] 900
INFO [2020-03-25 20:48:20] 
INFO [2020-03-25 20:48:20] $height
INFO [2020-03-25 20:48:20] [1] 400
INFO [2020-03-25 20:48:20] 
INFO [2020-03-25 20:48:20] $force.unique
INFO [2020-03-25 20:48:20] T
INFO [2020-03-25 20:48:20] 
INFO [2020-03-25 20:48:20] $main
INFO [2020-03-25 20:48:20] main
INFO [2020-03-25 20:48:20] 
INFO [2020-03-25 20:48:20] $sub
INFO [2020-03-25 20:48:20] [1] " "
INFO [2020-03-25 20:48:20] 
INFO [2020-03-25 20:48:20] $sub.pos
INFO [2020-03-25 20:48:20] c(0, 0)
INFO [2020-03-25 20:48:20] 
INFO [2020-03-25 20:48:20] $scaled
INFO [2020-03-25 20:48:20] F
INFO [2020-03-25 20:48:20] 
INFO [2020-03-25 20:48:20] $cat.cex
INFO [2020-03-25 20:48:20] [1] 1.1
INFO [2020-03-25 20:48:20] 
INFO [2020-03-25 20:48:20] $cex
INFO [2020-03-25 20:48:20] [1] 2
INFO [2020-03-25 20:48:20] 
INFO [2020-03-25 20:48:20] $cat.pos
INFO [2020-03-25 20:48:20] c(180, 180)
INFO [2020-03-25 20:48:20] 
INFO [2020-03-25 20:48:20] $cat.dist
INFO [2020-03-25 20:48:20] c(0.05, 0.05)
INFO [2020-03-25 20:48:20] 
INFO [2020-03-25 20:48:20] $fontfamily
INFO [2020-03-25 20:48:20] [1] "sans"
INFO [2020-03-25 20:48:20] 
INFO [2020-03-25 20:48:20] $cat.fontfamily
INFO [2020-03-25 20:48:20] [1] "sans"
INFO [2020-03-25 20:48:20] 
INFO [2020-03-25 20:48:20] $main.fontfamily
INFO [2020-03-25 20:48:20] [1] "sans"
INFO [2020-03-25 20:48:20] 
