INFO [2020-03-25 20:49:47] [[1]]
INFO [2020-03-25 20:49:47] x
INFO [2020-03-25 20:49:47] 
INFO [2020-03-25 20:49:47] $col
INFO [2020-03-25 20:49:47] colors
INFO [2020-03-25 20:49:47] 
INFO [2020-03-25 20:49:47] $margin
INFO [2020-03-25 20:49:47] [1] 0.05
INFO [2020-03-25 20:49:47] 
INFO [2020-03-25 20:49:47] $filename
INFO [2020-03-25 20:49:47] NULL
INFO [2020-03-25 20:49:47] 
INFO [2020-03-25 20:49:47] $resolution
INFO [2020-03-25 20:49:47] [1] 900
INFO [2020-03-25 20:49:47] 
INFO [2020-03-25 20:49:47] $height
INFO [2020-03-25 20:49:47] [1] 400
INFO [2020-03-25 20:49:47] 
INFO [2020-03-25 20:49:47] $force.unique
INFO [2020-03-25 20:49:47] T
INFO [2020-03-25 20:49:47] 
INFO [2020-03-25 20:49:47] $main
INFO [2020-03-25 20:49:47] main
INFO [2020-03-25 20:49:47] 
INFO [2020-03-25 20:49:47] $sub
INFO [2020-03-25 20:49:47] [1] " "
INFO [2020-03-25 20:49:47] 
INFO [2020-03-25 20:49:47] $sub.pos
INFO [2020-03-25 20:49:47] c(0, 0)
INFO [2020-03-25 20:49:47] 
INFO [2020-03-25 20:49:47] $scaled
INFO [2020-03-25 20:49:47] F
INFO [2020-03-25 20:49:47] 
INFO [2020-03-25 20:49:47] $cat.cex
INFO [2020-03-25 20:49:47] [1] 1.1
INFO [2020-03-25 20:49:47] 
INFO [2020-03-25 20:49:47] $cex
INFO [2020-03-25 20:49:47] [1] 2
INFO [2020-03-25 20:49:47] 
INFO [2020-03-25 20:49:47] $cat.pos
INFO [2020-03-25 20:49:47] c(180, 180)
INFO [2020-03-25 20:49:47] 
INFO [2020-03-25 20:49:47] $cat.dist
INFO [2020-03-25 20:49:47] c(0.05, 0.05)
INFO [2020-03-25 20:49:47] 
INFO [2020-03-25 20:49:47] $fontfamily
INFO [2020-03-25 20:49:47] [1] "sans"
INFO [2020-03-25 20:49:47] 
INFO [2020-03-25 20:49:47] $cat.fontfamily
INFO [2020-03-25 20:49:47] [1] "sans"
INFO [2020-03-25 20:49:47] 
INFO [2020-03-25 20:49:47] $main.fontfamily
INFO [2020-03-25 20:49:47] [1] "sans"
INFO [2020-03-25 20:49:47] 
