INFO [2020-03-25 22:12:17] [[1]]
INFO [2020-03-25 22:12:17] x
INFO [2020-03-25 22:12:17] 
INFO [2020-03-25 22:12:17] $col
INFO [2020-03-25 22:12:17] colors
INFO [2020-03-25 22:12:17] 
INFO [2020-03-25 22:12:17] $margin
INFO [2020-03-25 22:12:17] [1] 0.05
INFO [2020-03-25 22:12:17] 
INFO [2020-03-25 22:12:17] $filename
INFO [2020-03-25 22:12:17] NULL
INFO [2020-03-25 22:12:17] 
INFO [2020-03-25 22:12:17] $resolution
INFO [2020-03-25 22:12:17] [1] 900
INFO [2020-03-25 22:12:17] 
INFO [2020-03-25 22:12:17] $height
INFO [2020-03-25 22:12:17] [1] 400
INFO [2020-03-25 22:12:17] 
INFO [2020-03-25 22:12:17] $force.unique
INFO [2020-03-25 22:12:17] T
INFO [2020-03-25 22:12:17] 
INFO [2020-03-25 22:12:17] $main
INFO [2020-03-25 22:12:17] main
INFO [2020-03-25 22:12:17] 
INFO [2020-03-25 22:12:17] $sub
INFO [2020-03-25 22:12:17] [1] " "
INFO [2020-03-25 22:12:17] 
INFO [2020-03-25 22:12:17] $sub.pos
INFO [2020-03-25 22:12:17] c(0, 0)
INFO [2020-03-25 22:12:17] 
INFO [2020-03-25 22:12:17] $scaled
INFO [2020-03-25 22:12:17] F
INFO [2020-03-25 22:12:17] 
INFO [2020-03-25 22:12:17] $cat.cex
INFO [2020-03-25 22:12:17] [1] 1.1
INFO [2020-03-25 22:12:17] 
INFO [2020-03-25 22:12:17] $cex
INFO [2020-03-25 22:12:17] [1] 2
INFO [2020-03-25 22:12:17] 
INFO [2020-03-25 22:12:17] $cat.pos
INFO [2020-03-25 22:12:17] c(180, 180)
INFO [2020-03-25 22:12:17] 
INFO [2020-03-25 22:12:17] $cat.dist
INFO [2020-03-25 22:12:17] c(0.05, 0.05)
INFO [2020-03-25 22:12:17] 
INFO [2020-03-25 22:12:17] $fontfamily
INFO [2020-03-25 22:12:17] [1] "sans"
INFO [2020-03-25 22:12:17] 
INFO [2020-03-25 22:12:17] $cat.fontfamily
INFO [2020-03-25 22:12:17] [1] "sans"
INFO [2020-03-25 22:12:17] 
INFO [2020-03-25 22:12:17] $main.fontfamily
INFO [2020-03-25 22:12:17] [1] "sans"
INFO [2020-03-25 22:12:17] 
