INFO [2020-03-25 20:49:05] [[1]]
INFO [2020-03-25 20:49:05] x
INFO [2020-03-25 20:49:05] 
INFO [2020-03-25 20:49:05] $col
INFO [2020-03-25 20:49:05] colors
INFO [2020-03-25 20:49:05] 
INFO [2020-03-25 20:49:05] $margin
INFO [2020-03-25 20:49:05] [1] 0.05
INFO [2020-03-25 20:49:05] 
INFO [2020-03-25 20:49:05] $filename
INFO [2020-03-25 20:49:05] NULL
INFO [2020-03-25 20:49:05] 
INFO [2020-03-25 20:49:05] $resolution
INFO [2020-03-25 20:49:05] [1] 900
INFO [2020-03-25 20:49:05] 
INFO [2020-03-25 20:49:05] $height
INFO [2020-03-25 20:49:05] [1] 400
INFO [2020-03-25 20:49:05] 
INFO [2020-03-25 20:49:05] $force.unique
INFO [2020-03-25 20:49:05] T
INFO [2020-03-25 20:49:05] 
INFO [2020-03-25 20:49:05] $main
INFO [2020-03-25 20:49:05] main
INFO [2020-03-25 20:49:05] 
INFO [2020-03-25 20:49:05] $sub
INFO [2020-03-25 20:49:05] [1] " "
INFO [2020-03-25 20:49:05] 
INFO [2020-03-25 20:49:05] $sub.pos
INFO [2020-03-25 20:49:05] c(0, 0)
INFO [2020-03-25 20:49:05] 
INFO [2020-03-25 20:49:05] $scaled
INFO [2020-03-25 20:49:05] F
INFO [2020-03-25 20:49:05] 
INFO [2020-03-25 20:49:05] $cat.cex
INFO [2020-03-25 20:49:05] [1] 1.1
INFO [2020-03-25 20:49:05] 
INFO [2020-03-25 20:49:05] $cex
INFO [2020-03-25 20:49:05] [1] 2
INFO [2020-03-25 20:49:05] 
INFO [2020-03-25 20:49:05] $cat.pos
INFO [2020-03-25 20:49:05] c(180, 180)
INFO [2020-03-25 20:49:05] 
INFO [2020-03-25 20:49:05] $cat.dist
INFO [2020-03-25 20:49:05] c(0.05, 0.05)
INFO [2020-03-25 20:49:05] 
INFO [2020-03-25 20:49:05] $fontfamily
INFO [2020-03-25 20:49:05] [1] "sans"
INFO [2020-03-25 20:49:05] 
INFO [2020-03-25 20:49:05] $cat.fontfamily
INFO [2020-03-25 20:49:05] [1] "sans"
INFO [2020-03-25 20:49:05] 
INFO [2020-03-25 20:49:05] $main.fontfamily
INFO [2020-03-25 20:49:05] [1] "sans"
INFO [2020-03-25 20:49:05] 
