INFO [2020-03-25 20:49:26] [[1]]
INFO [2020-03-25 20:49:26] x
INFO [2020-03-25 20:49:26] 
INFO [2020-03-25 20:49:26] $col
INFO [2020-03-25 20:49:26] colors
INFO [2020-03-25 20:49:26] 
INFO [2020-03-25 20:49:26] $margin
INFO [2020-03-25 20:49:26] [1] 0.05
INFO [2020-03-25 20:49:26] 
INFO [2020-03-25 20:49:26] $filename
INFO [2020-03-25 20:49:26] NULL
INFO [2020-03-25 20:49:26] 
INFO [2020-03-25 20:49:26] $resolution
INFO [2020-03-25 20:49:26] [1] 900
INFO [2020-03-25 20:49:26] 
INFO [2020-03-25 20:49:26] $height
INFO [2020-03-25 20:49:26] [1] 400
INFO [2020-03-25 20:49:26] 
INFO [2020-03-25 20:49:26] $force.unique
INFO [2020-03-25 20:49:26] T
INFO [2020-03-25 20:49:26] 
INFO [2020-03-25 20:49:26] $main
INFO [2020-03-25 20:49:26] main
INFO [2020-03-25 20:49:26] 
INFO [2020-03-25 20:49:26] $sub
INFO [2020-03-25 20:49:26] [1] " "
INFO [2020-03-25 20:49:26] 
INFO [2020-03-25 20:49:26] $sub.pos
INFO [2020-03-25 20:49:26] c(0, 0)
INFO [2020-03-25 20:49:26] 
INFO [2020-03-25 20:49:26] $scaled
INFO [2020-03-25 20:49:26] F
INFO [2020-03-25 20:49:26] 
INFO [2020-03-25 20:49:26] $cat.cex
INFO [2020-03-25 20:49:26] [1] 1.1
INFO [2020-03-25 20:49:26] 
INFO [2020-03-25 20:49:26] $cex
INFO [2020-03-25 20:49:26] [1] 2
INFO [2020-03-25 20:49:26] 
INFO [2020-03-25 20:49:26] $cat.pos
INFO [2020-03-25 20:49:26] c(180, 180)
INFO [2020-03-25 20:49:26] 
INFO [2020-03-25 20:49:26] $cat.dist
INFO [2020-03-25 20:49:26] c(0.05, 0.05)
INFO [2020-03-25 20:49:26] 
INFO [2020-03-25 20:49:26] $fontfamily
INFO [2020-03-25 20:49:26] [1] "sans"
INFO [2020-03-25 20:49:26] 
INFO [2020-03-25 20:49:26] $cat.fontfamily
INFO [2020-03-25 20:49:26] [1] "sans"
INFO [2020-03-25 20:49:26] 
INFO [2020-03-25 20:49:26] $main.fontfamily
INFO [2020-03-25 20:49:26] [1] "sans"
INFO [2020-03-25 20:49:26] 
INFO [2020-03-25 20:49:26] [[1]]
INFO [2020-03-25 20:49:26] x
INFO [2020-03-25 20:49:26] 
INFO [2020-03-25 20:49:26] $col
INFO [2020-03-25 20:49:26] colors
INFO [2020-03-25 20:49:26] 
INFO [2020-03-25 20:49:26] $margin
INFO [2020-03-25 20:49:26] [1] 0.05
INFO [2020-03-25 20:49:26] 
INFO [2020-03-25 20:49:26] $filename
INFO [2020-03-25 20:49:26] NULL
INFO [2020-03-25 20:49:26] 
INFO [2020-03-25 20:49:26] $resolution
INFO [2020-03-25 20:49:26] [1] 900
INFO [2020-03-25 20:49:26] 
INFO [2020-03-25 20:49:26] $height
INFO [2020-03-25 20:49:26] [1] 400
INFO [2020-03-25 20:49:26] 
INFO [2020-03-25 20:49:26] $force.unique
INFO [2020-03-25 20:49:26] T
INFO [2020-03-25 20:49:26] 
INFO [2020-03-25 20:49:26] $main
INFO [2020-03-25 20:49:26] main
INFO [2020-03-25 20:49:26] 
INFO [2020-03-25 20:49:26] $sub
INFO [2020-03-25 20:49:26] [1] " "
INFO [2020-03-25 20:49:26] 
INFO [2020-03-25 20:49:26] $sub.pos
INFO [2020-03-25 20:49:26] c(0, 0)
INFO [2020-03-25 20:49:26] 
INFO [2020-03-25 20:49:26] $scaled
INFO [2020-03-25 20:49:26] F
INFO [2020-03-25 20:49:26] 
INFO [2020-03-25 20:49:26] $cat.cex
INFO [2020-03-25 20:49:26] [1] 1.1
INFO [2020-03-25 20:49:26] 
INFO [2020-03-25 20:49:26] $cex
INFO [2020-03-25 20:49:26] [1] 2
INFO [2020-03-25 20:49:26] 
INFO [2020-03-25 20:49:26] $cat.pos
INFO [2020-03-25 20:49:26] c(180, 180)
INFO [2020-03-25 20:49:26] 
INFO [2020-03-25 20:49:26] $cat.dist
INFO [2020-03-25 20:49:26] c(0.05, 0.05)
INFO [2020-03-25 20:49:26] 
INFO [2020-03-25 20:49:26] $fontfamily
INFO [2020-03-25 20:49:26] [1] "sans"
INFO [2020-03-25 20:49:26] 
INFO [2020-03-25 20:49:26] $cat.fontfamily
INFO [2020-03-25 20:49:26] [1] "sans"
INFO [2020-03-25 20:49:26] 
INFO [2020-03-25 20:49:26] $main.fontfamily
INFO [2020-03-25 20:49:26] [1] "sans"
INFO [2020-03-25 20:49:26] 
