INFO [2020-03-25 20:32:30] [[1]]
INFO [2020-03-25 20:32:30] x
INFO [2020-03-25 20:32:30] 
INFO [2020-03-25 20:32:30] $col
INFO [2020-03-25 20:32:30] colors
INFO [2020-03-25 20:32:30] 
INFO [2020-03-25 20:32:30] $margin
INFO [2020-03-25 20:32:30] [1] 0.05
INFO [2020-03-25 20:32:30] 
INFO [2020-03-25 20:32:30] $filename
INFO [2020-03-25 20:32:30] NULL
INFO [2020-03-25 20:32:30] 
INFO [2020-03-25 20:32:30] $resolution
INFO [2020-03-25 20:32:30] [1] 900
INFO [2020-03-25 20:32:30] 
INFO [2020-03-25 20:32:30] $height
INFO [2020-03-25 20:32:30] [1] 400
INFO [2020-03-25 20:32:30] 
INFO [2020-03-25 20:32:30] $force.unique
INFO [2020-03-25 20:32:30] T
INFO [2020-03-25 20:32:30] 
INFO [2020-03-25 20:32:30] $main
INFO [2020-03-25 20:32:30] main
INFO [2020-03-25 20:32:30] 
INFO [2020-03-25 20:32:30] $sub
INFO [2020-03-25 20:32:30] [1] " "
INFO [2020-03-25 20:32:30] 
INFO [2020-03-25 20:32:30] $sub.pos
INFO [2020-03-25 20:32:30] c(0, 0)
INFO [2020-03-25 20:32:30] 
INFO [2020-03-25 20:32:30] $scaled
INFO [2020-03-25 20:32:30] F
INFO [2020-03-25 20:32:30] 
INFO [2020-03-25 20:32:30] $cat.cex
INFO [2020-03-25 20:32:30] [1] 1.1
INFO [2020-03-25 20:32:30] 
INFO [2020-03-25 20:32:30] $cex
INFO [2020-03-25 20:32:30] [1] 2
INFO [2020-03-25 20:32:30] 
INFO [2020-03-25 20:32:30] $cat.pos
INFO [2020-03-25 20:32:30] c(180, 180)
INFO [2020-03-25 20:32:30] 
INFO [2020-03-25 20:32:30] $cat.dist
INFO [2020-03-25 20:32:30] c(0.05, 0.05)
INFO [2020-03-25 20:32:30] 
INFO [2020-03-25 20:32:30] $fontfamily
INFO [2020-03-25 20:32:30] [1] "sans"
INFO [2020-03-25 20:32:30] 
INFO [2020-03-25 20:32:30] $cat.fontfamily
INFO [2020-03-25 20:32:30] [1] "sans"
INFO [2020-03-25 20:32:30] 
INFO [2020-03-25 20:32:30] $main.fontfamily
INFO [2020-03-25 20:32:30] [1] "sans"
INFO [2020-03-25 20:32:30] 
