INFO [2020-03-25 20:48:54] [[1]]
INFO [2020-03-25 20:48:54] x
INFO [2020-03-25 20:48:54] 
INFO [2020-03-25 20:48:54] $col
INFO [2020-03-25 20:48:54] colors
INFO [2020-03-25 20:48:54] 
INFO [2020-03-25 20:48:54] $margin
INFO [2020-03-25 20:48:54] [1] 0.05
INFO [2020-03-25 20:48:54] 
INFO [2020-03-25 20:48:54] $filename
INFO [2020-03-25 20:48:54] NULL
INFO [2020-03-25 20:48:54] 
INFO [2020-03-25 20:48:54] $resolution
INFO [2020-03-25 20:48:54] [1] 900
INFO [2020-03-25 20:48:54] 
INFO [2020-03-25 20:48:54] $height
INFO [2020-03-25 20:48:54] [1] 400
INFO [2020-03-25 20:48:54] 
INFO [2020-03-25 20:48:54] $force.unique
INFO [2020-03-25 20:48:54] T
INFO [2020-03-25 20:48:54] 
INFO [2020-03-25 20:48:54] $main
INFO [2020-03-25 20:48:54] main
INFO [2020-03-25 20:48:54] 
INFO [2020-03-25 20:48:54] $sub
INFO [2020-03-25 20:48:54] [1] " "
INFO [2020-03-25 20:48:54] 
INFO [2020-03-25 20:48:54] $sub.pos
INFO [2020-03-25 20:48:54] c(0, 0)
INFO [2020-03-25 20:48:54] 
INFO [2020-03-25 20:48:54] $scaled
INFO [2020-03-25 20:48:54] F
INFO [2020-03-25 20:48:54] 
INFO [2020-03-25 20:48:54] $cat.cex
INFO [2020-03-25 20:48:54] [1] 1.1
INFO [2020-03-25 20:48:54] 
INFO [2020-03-25 20:48:54] $cex
INFO [2020-03-25 20:48:54] [1] 2
INFO [2020-03-25 20:48:54] 
INFO [2020-03-25 20:48:54] $cat.pos
INFO [2020-03-25 20:48:54] c(180, 180)
INFO [2020-03-25 20:48:54] 
INFO [2020-03-25 20:48:54] $cat.dist
INFO [2020-03-25 20:48:54] c(0.05, 0.05)
INFO [2020-03-25 20:48:54] 
INFO [2020-03-25 20:48:54] $fontfamily
INFO [2020-03-25 20:48:54] [1] "sans"
INFO [2020-03-25 20:48:54] 
INFO [2020-03-25 20:48:54] $cat.fontfamily
INFO [2020-03-25 20:48:54] [1] "sans"
INFO [2020-03-25 20:48:54] 
INFO [2020-03-25 20:48:54] $main.fontfamily
INFO [2020-03-25 20:48:54] [1] "sans"
INFO [2020-03-25 20:48:54] 
