INFO [2020-03-25 20:48:31] [[1]]
INFO [2020-03-25 20:48:31] x
INFO [2020-03-25 20:48:31] 
INFO [2020-03-25 20:48:31] $col
INFO [2020-03-25 20:48:31] colors
INFO [2020-03-25 20:48:31] 
INFO [2020-03-25 20:48:31] $margin
INFO [2020-03-25 20:48:31] [1] 0.05
INFO [2020-03-25 20:48:31] 
INFO [2020-03-25 20:48:31] $filename
INFO [2020-03-25 20:48:31] NULL
INFO [2020-03-25 20:48:31] 
INFO [2020-03-25 20:48:31] $resolution
INFO [2020-03-25 20:48:31] [1] 900
INFO [2020-03-25 20:48:31] 
INFO [2020-03-25 20:48:31] $height
INFO [2020-03-25 20:48:31] [1] 400
INFO [2020-03-25 20:48:31] 
INFO [2020-03-25 20:48:31] $force.unique
INFO [2020-03-25 20:48:31] T
INFO [2020-03-25 20:48:31] 
INFO [2020-03-25 20:48:31] $main
INFO [2020-03-25 20:48:31] main
INFO [2020-03-25 20:48:31] 
INFO [2020-03-25 20:48:31] $sub
INFO [2020-03-25 20:48:31] [1] " "
INFO [2020-03-25 20:48:31] 
INFO [2020-03-25 20:48:31] $sub.pos
INFO [2020-03-25 20:48:31] c(0, 0)
INFO [2020-03-25 20:48:31] 
INFO [2020-03-25 20:48:31] $scaled
INFO [2020-03-25 20:48:31] F
INFO [2020-03-25 20:48:31] 
INFO [2020-03-25 20:48:31] $cat.cex
INFO [2020-03-25 20:48:31] [1] 1.1
INFO [2020-03-25 20:48:31] 
INFO [2020-03-25 20:48:31] $cex
INFO [2020-03-25 20:48:31] [1] 2
INFO [2020-03-25 20:48:31] 
INFO [2020-03-25 20:48:31] $cat.pos
INFO [2020-03-25 20:48:31] c(180, 180)
INFO [2020-03-25 20:48:31] 
INFO [2020-03-25 20:48:31] $cat.dist
INFO [2020-03-25 20:48:31] c(0.05, 0.05)
INFO [2020-03-25 20:48:31] 
INFO [2020-03-25 20:48:31] $fontfamily
INFO [2020-03-25 20:48:31] [1] "sans"
INFO [2020-03-25 20:48:31] 
INFO [2020-03-25 20:48:31] $cat.fontfamily
INFO [2020-03-25 20:48:31] [1] "sans"
INFO [2020-03-25 20:48:31] 
INFO [2020-03-25 20:48:31] $main.fontfamily
INFO [2020-03-25 20:48:31] [1] "sans"
INFO [2020-03-25 20:48:31] 
