INFO [2020-03-25 20:48:49] [[1]]
INFO [2020-03-25 20:48:49] x
INFO [2020-03-25 20:48:49] 
INFO [2020-03-25 20:48:49] $col
INFO [2020-03-25 20:48:49] colors
INFO [2020-03-25 20:48:49] 
INFO [2020-03-25 20:48:49] $margin
INFO [2020-03-25 20:48:49] [1] 0.05
INFO [2020-03-25 20:48:49] 
INFO [2020-03-25 20:48:49] $filename
INFO [2020-03-25 20:48:49] NULL
INFO [2020-03-25 20:48:49] 
INFO [2020-03-25 20:48:49] $resolution
INFO [2020-03-25 20:48:49] [1] 900
INFO [2020-03-25 20:48:49] 
INFO [2020-03-25 20:48:49] $height
INFO [2020-03-25 20:48:49] [1] 400
INFO [2020-03-25 20:48:49] 
INFO [2020-03-25 20:48:49] $force.unique
INFO [2020-03-25 20:48:49] T
INFO [2020-03-25 20:48:49] 
INFO [2020-03-25 20:48:49] $main
INFO [2020-03-25 20:48:49] main
INFO [2020-03-25 20:48:49] 
INFO [2020-03-25 20:48:49] $sub
INFO [2020-03-25 20:48:49] [1] " "
INFO [2020-03-25 20:48:49] 
INFO [2020-03-25 20:48:49] $sub.pos
INFO [2020-03-25 20:48:49] c(0, 0)
INFO [2020-03-25 20:48:49] 
INFO [2020-03-25 20:48:49] $scaled
INFO [2020-03-25 20:48:49] F
INFO [2020-03-25 20:48:49] 
INFO [2020-03-25 20:48:49] $cat.cex
INFO [2020-03-25 20:48:49] [1] 1.1
INFO [2020-03-25 20:48:49] 
INFO [2020-03-25 20:48:49] $cex
INFO [2020-03-25 20:48:49] [1] 2
INFO [2020-03-25 20:48:49] 
INFO [2020-03-25 20:48:49] $cat.pos
INFO [2020-03-25 20:48:49] c(180, 180)
INFO [2020-03-25 20:48:49] 
INFO [2020-03-25 20:48:49] $cat.dist
INFO [2020-03-25 20:48:49] c(0.05, 0.05)
INFO [2020-03-25 20:48:49] 
INFO [2020-03-25 20:48:49] $fontfamily
INFO [2020-03-25 20:48:49] [1] "sans"
INFO [2020-03-25 20:48:49] 
INFO [2020-03-25 20:48:49] $cat.fontfamily
INFO [2020-03-25 20:48:49] [1] "sans"
INFO [2020-03-25 20:48:49] 
INFO [2020-03-25 20:48:49] $main.fontfamily
INFO [2020-03-25 20:48:49] [1] "sans"
INFO [2020-03-25 20:48:49] 
