INFO [2020-03-26 23:49:53] [[1]]
INFO [2020-03-26 23:49:53] x
INFO [2020-03-26 23:49:53] 
INFO [2020-03-26 23:49:53] $col
INFO [2020-03-26 23:49:53] colors
INFO [2020-03-26 23:49:53] 
INFO [2020-03-26 23:49:53] $margin
INFO [2020-03-26 23:49:53] [1] 0.05
INFO [2020-03-26 23:49:53] 
INFO [2020-03-26 23:49:53] $filename
INFO [2020-03-26 23:49:53] NULL
INFO [2020-03-26 23:49:53] 
INFO [2020-03-26 23:49:53] $resolution
INFO [2020-03-26 23:49:53] [1] 900
INFO [2020-03-26 23:49:53] 
INFO [2020-03-26 23:49:53] $height
INFO [2020-03-26 23:49:53] [1] 400
INFO [2020-03-26 23:49:53] 
INFO [2020-03-26 23:49:53] $force.unique
INFO [2020-03-26 23:49:53] T
INFO [2020-03-26 23:49:53] 
INFO [2020-03-26 23:49:53] $main
INFO [2020-03-26 23:49:53] main
INFO [2020-03-26 23:49:53] 
INFO [2020-03-26 23:49:53] $sub
INFO [2020-03-26 23:49:53] [1] " "
INFO [2020-03-26 23:49:53] 
INFO [2020-03-26 23:49:53] $sub.pos
INFO [2020-03-26 23:49:53] c(0, 0)
INFO [2020-03-26 23:49:53] 
INFO [2020-03-26 23:49:53] $scaled
INFO [2020-03-26 23:49:53] F
INFO [2020-03-26 23:49:53] 
INFO [2020-03-26 23:49:53] $cat.cex
INFO [2020-03-26 23:49:53] [1] 1.1
INFO [2020-03-26 23:49:53] 
INFO [2020-03-26 23:49:53] $cex
INFO [2020-03-26 23:49:53] [1] 2
INFO [2020-03-26 23:49:53] 
INFO [2020-03-26 23:49:53] $cat.pos
INFO [2020-03-26 23:49:53] c(180, 180)
INFO [2020-03-26 23:49:53] 
INFO [2020-03-26 23:49:53] $cat.dist
INFO [2020-03-26 23:49:53] c(0.05, 0.05)
INFO [2020-03-26 23:49:53] 
INFO [2020-03-26 23:49:53] $fontfamily
INFO [2020-03-26 23:49:53] [1] "sans"
INFO [2020-03-26 23:49:53] 
INFO [2020-03-26 23:49:53] $cat.fontfamily
INFO [2020-03-26 23:49:53] [1] "sans"
INFO [2020-03-26 23:49:53] 
INFO [2020-03-26 23:49:53] $main.fontfamily
INFO [2020-03-26 23:49:53] [1] "sans"
INFO [2020-03-26 23:49:53] 
