INFO [2020-03-25 20:49:03] [[1]]
INFO [2020-03-25 20:49:03] x
INFO [2020-03-25 20:49:03] 
INFO [2020-03-25 20:49:03] $col
INFO [2020-03-25 20:49:03] colors
INFO [2020-03-25 20:49:03] 
INFO [2020-03-25 20:49:03] $margin
INFO [2020-03-25 20:49:03] [1] 0.05
INFO [2020-03-25 20:49:03] 
INFO [2020-03-25 20:49:03] $filename
INFO [2020-03-25 20:49:03] NULL
INFO [2020-03-25 20:49:03] 
INFO [2020-03-25 20:49:03] $resolution
INFO [2020-03-25 20:49:03] [1] 900
INFO [2020-03-25 20:49:03] 
INFO [2020-03-25 20:49:03] $height
INFO [2020-03-25 20:49:03] [1] 400
INFO [2020-03-25 20:49:03] 
INFO [2020-03-25 20:49:03] $force.unique
INFO [2020-03-25 20:49:03] T
INFO [2020-03-25 20:49:03] 
INFO [2020-03-25 20:49:03] $main
INFO [2020-03-25 20:49:03] main
INFO [2020-03-25 20:49:03] 
INFO [2020-03-25 20:49:03] $sub
INFO [2020-03-25 20:49:03] [1] " "
INFO [2020-03-25 20:49:03] 
INFO [2020-03-25 20:49:03] $sub.pos
INFO [2020-03-25 20:49:03] c(0, 0)
INFO [2020-03-25 20:49:03] 
INFO [2020-03-25 20:49:03] $scaled
INFO [2020-03-25 20:49:03] F
INFO [2020-03-25 20:49:03] 
INFO [2020-03-25 20:49:03] $cat.cex
INFO [2020-03-25 20:49:03] [1] 1.1
INFO [2020-03-25 20:49:03] 
INFO [2020-03-25 20:49:03] $cex
INFO [2020-03-25 20:49:03] [1] 2
INFO [2020-03-25 20:49:03] 
INFO [2020-03-25 20:49:03] $cat.pos
INFO [2020-03-25 20:49:03] c(180, 180)
INFO [2020-03-25 20:49:03] 
INFO [2020-03-25 20:49:03] $cat.dist
INFO [2020-03-25 20:49:03] c(0.05, 0.05)
INFO [2020-03-25 20:49:03] 
INFO [2020-03-25 20:49:03] $fontfamily
INFO [2020-03-25 20:49:03] [1] "sans"
INFO [2020-03-25 20:49:03] 
INFO [2020-03-25 20:49:03] $cat.fontfamily
INFO [2020-03-25 20:49:03] [1] "sans"
INFO [2020-03-25 20:49:03] 
INFO [2020-03-25 20:49:03] $main.fontfamily
INFO [2020-03-25 20:49:03] [1] "sans"
INFO [2020-03-25 20:49:03] 
