INFO [2020-03-25 22:12:23] [[1]]
INFO [2020-03-25 22:12:23] x
INFO [2020-03-25 22:12:23] 
INFO [2020-03-25 22:12:23] $col
INFO [2020-03-25 22:12:23] colors
INFO [2020-03-25 22:12:23] 
INFO [2020-03-25 22:12:23] $margin
INFO [2020-03-25 22:12:23] [1] 0.05
INFO [2020-03-25 22:12:23] 
INFO [2020-03-25 22:12:23] $filename
INFO [2020-03-25 22:12:23] NULL
INFO [2020-03-25 22:12:23] 
INFO [2020-03-25 22:12:23] $resolution
INFO [2020-03-25 22:12:23] [1] 900
INFO [2020-03-25 22:12:23] 
INFO [2020-03-25 22:12:23] $height
INFO [2020-03-25 22:12:23] [1] 400
INFO [2020-03-25 22:12:23] 
INFO [2020-03-25 22:12:23] $force.unique
INFO [2020-03-25 22:12:23] T
INFO [2020-03-25 22:12:23] 
INFO [2020-03-25 22:12:23] $main
INFO [2020-03-25 22:12:23] main
INFO [2020-03-25 22:12:23] 
INFO [2020-03-25 22:12:23] $sub
INFO [2020-03-25 22:12:23] [1] " "
INFO [2020-03-25 22:12:23] 
INFO [2020-03-25 22:12:23] $sub.pos
INFO [2020-03-25 22:12:23] c(0, 0)
INFO [2020-03-25 22:12:23] 
INFO [2020-03-25 22:12:23] $scaled
INFO [2020-03-25 22:12:23] F
INFO [2020-03-25 22:12:23] 
INFO [2020-03-25 22:12:23] $cat.cex
INFO [2020-03-25 22:12:23] [1] 1.1
INFO [2020-03-25 22:12:23] 
INFO [2020-03-25 22:12:23] $cex
INFO [2020-03-25 22:12:23] [1] 2
INFO [2020-03-25 22:12:23] 
INFO [2020-03-25 22:12:23] $cat.pos
INFO [2020-03-25 22:12:23] c(180, 180)
INFO [2020-03-25 22:12:23] 
INFO [2020-03-25 22:12:23] $cat.dist
INFO [2020-03-25 22:12:23] c(0.05, 0.05)
INFO [2020-03-25 22:12:23] 
INFO [2020-03-25 22:12:23] $fontfamily
INFO [2020-03-25 22:12:23] [1] "sans"
INFO [2020-03-25 22:12:23] 
INFO [2020-03-25 22:12:23] $cat.fontfamily
INFO [2020-03-25 22:12:23] [1] "sans"
INFO [2020-03-25 22:12:23] 
INFO [2020-03-25 22:12:23] $main.fontfamily
INFO [2020-03-25 22:12:23] [1] "sans"
INFO [2020-03-25 22:12:23] 
