INFO [2020-03-25 20:49:28] [[1]]
INFO [2020-03-25 20:49:28] x
INFO [2020-03-25 20:49:28] 
INFO [2020-03-25 20:49:28] $col
INFO [2020-03-25 20:49:28] colors
INFO [2020-03-25 20:49:28] 
INFO [2020-03-25 20:49:28] $margin
INFO [2020-03-25 20:49:28] [1] 0.05
INFO [2020-03-25 20:49:28] 
INFO [2020-03-25 20:49:28] $filename
INFO [2020-03-25 20:49:28] NULL
INFO [2020-03-25 20:49:28] 
INFO [2020-03-25 20:49:28] $resolution
INFO [2020-03-25 20:49:28] [1] 900
INFO [2020-03-25 20:49:28] 
INFO [2020-03-25 20:49:28] $height
INFO [2020-03-25 20:49:28] [1] 400
INFO [2020-03-25 20:49:28] 
INFO [2020-03-25 20:49:28] $force.unique
INFO [2020-03-25 20:49:28] T
INFO [2020-03-25 20:49:28] 
INFO [2020-03-25 20:49:28] $main
INFO [2020-03-25 20:49:28] main
INFO [2020-03-25 20:49:28] 
INFO [2020-03-25 20:49:28] $sub
INFO [2020-03-25 20:49:28] [1] " "
INFO [2020-03-25 20:49:28] 
INFO [2020-03-25 20:49:28] $sub.pos
INFO [2020-03-25 20:49:28] c(0, 0)
INFO [2020-03-25 20:49:28] 
INFO [2020-03-25 20:49:28] $scaled
INFO [2020-03-25 20:49:28] F
INFO [2020-03-25 20:49:28] 
INFO [2020-03-25 20:49:28] $cat.cex
INFO [2020-03-25 20:49:28] [1] 1.1
INFO [2020-03-25 20:49:28] 
INFO [2020-03-25 20:49:28] $cex
INFO [2020-03-25 20:49:28] [1] 2
INFO [2020-03-25 20:49:28] 
INFO [2020-03-25 20:49:28] $cat.pos
INFO [2020-03-25 20:49:28] c(180, 180)
INFO [2020-03-25 20:49:28] 
INFO [2020-03-25 20:49:28] $cat.dist
INFO [2020-03-25 20:49:28] c(0.05, 0.05)
INFO [2020-03-25 20:49:28] 
INFO [2020-03-25 20:49:28] $fontfamily
INFO [2020-03-25 20:49:28] [1] "sans"
INFO [2020-03-25 20:49:28] 
INFO [2020-03-25 20:49:28] $cat.fontfamily
INFO [2020-03-25 20:49:28] [1] "sans"
INFO [2020-03-25 20:49:28] 
INFO [2020-03-25 20:49:28] $main.fontfamily
INFO [2020-03-25 20:49:28] [1] "sans"
INFO [2020-03-25 20:49:28] 
