INFO [2020-03-25 22:12:21] [[1]]
INFO [2020-03-25 22:12:21] x
INFO [2020-03-25 22:12:21] 
INFO [2020-03-25 22:12:21] $col
INFO [2020-03-25 22:12:21] colors
INFO [2020-03-25 22:12:21] 
INFO [2020-03-25 22:12:21] $margin
INFO [2020-03-25 22:12:21] [1] 0.05
INFO [2020-03-25 22:12:21] 
INFO [2020-03-25 22:12:21] $filename
INFO [2020-03-25 22:12:21] NULL
INFO [2020-03-25 22:12:21] 
INFO [2020-03-25 22:12:21] $resolution
INFO [2020-03-25 22:12:21] [1] 900
INFO [2020-03-25 22:12:21] 
INFO [2020-03-25 22:12:21] $height
INFO [2020-03-25 22:12:21] [1] 400
INFO [2020-03-25 22:12:21] 
INFO [2020-03-25 22:12:21] $force.unique
INFO [2020-03-25 22:12:21] T
INFO [2020-03-25 22:12:21] 
INFO [2020-03-25 22:12:21] $main
INFO [2020-03-25 22:12:21] main
INFO [2020-03-25 22:12:21] 
INFO [2020-03-25 22:12:21] $sub
INFO [2020-03-25 22:12:21] [1] " "
INFO [2020-03-25 22:12:21] 
INFO [2020-03-25 22:12:21] $sub.pos
INFO [2020-03-25 22:12:21] c(0, 0)
INFO [2020-03-25 22:12:21] 
INFO [2020-03-25 22:12:21] $scaled
INFO [2020-03-25 22:12:21] F
INFO [2020-03-25 22:12:21] 
INFO [2020-03-25 22:12:21] $cat.cex
INFO [2020-03-25 22:12:21] [1] 1.1
INFO [2020-03-25 22:12:21] 
INFO [2020-03-25 22:12:21] $cex
INFO [2020-03-25 22:12:21] [1] 2
INFO [2020-03-25 22:12:21] 
INFO [2020-03-25 22:12:21] $cat.pos
INFO [2020-03-25 22:12:21] c(180, 180)
INFO [2020-03-25 22:12:21] 
INFO [2020-03-25 22:12:21] $cat.dist
INFO [2020-03-25 22:12:21] c(0.05, 0.05)
INFO [2020-03-25 22:12:21] 
INFO [2020-03-25 22:12:21] $fontfamily
INFO [2020-03-25 22:12:21] [1] "sans"
INFO [2020-03-25 22:12:21] 
INFO [2020-03-25 22:12:21] $cat.fontfamily
INFO [2020-03-25 22:12:21] [1] "sans"
INFO [2020-03-25 22:12:21] 
INFO [2020-03-25 22:12:21] $main.fontfamily
INFO [2020-03-25 22:12:21] [1] "sans"
INFO [2020-03-25 22:12:21] 
