INFO [2020-03-25 22:10:43] [[1]]
INFO [2020-03-25 22:10:43] x
INFO [2020-03-25 22:10:43] 
INFO [2020-03-25 22:10:43] $col
INFO [2020-03-25 22:10:43] colors
INFO [2020-03-25 22:10:43] 
INFO [2020-03-25 22:10:43] $margin
INFO [2020-03-25 22:10:43] [1] 0.05
INFO [2020-03-25 22:10:43] 
INFO [2020-03-25 22:10:43] $filename
INFO [2020-03-25 22:10:43] NULL
INFO [2020-03-25 22:10:43] 
INFO [2020-03-25 22:10:43] $resolution
INFO [2020-03-25 22:10:43] [1] 900
INFO [2020-03-25 22:10:43] 
INFO [2020-03-25 22:10:43] $height
INFO [2020-03-25 22:10:43] [1] 400
INFO [2020-03-25 22:10:43] 
INFO [2020-03-25 22:10:43] $force.unique
INFO [2020-03-25 22:10:43] T
INFO [2020-03-25 22:10:43] 
INFO [2020-03-25 22:10:43] $main
INFO [2020-03-25 22:10:43] main
INFO [2020-03-25 22:10:43] 
INFO [2020-03-25 22:10:43] $sub
INFO [2020-03-25 22:10:43] [1] " "
INFO [2020-03-25 22:10:43] 
INFO [2020-03-25 22:10:43] $sub.pos
INFO [2020-03-25 22:10:43] c(0, 0)
INFO [2020-03-25 22:10:43] 
INFO [2020-03-25 22:10:43] $scaled
INFO [2020-03-25 22:10:43] F
INFO [2020-03-25 22:10:43] 
INFO [2020-03-25 22:10:43] $cat.cex
INFO [2020-03-25 22:10:43] [1] 1.1
INFO [2020-03-25 22:10:43] 
INFO [2020-03-25 22:10:43] $cex
INFO [2020-03-25 22:10:43] [1] 2
INFO [2020-03-25 22:10:43] 
INFO [2020-03-25 22:10:43] $cat.pos
INFO [2020-03-25 22:10:43] c(180, 180)
INFO [2020-03-25 22:10:43] 
INFO [2020-03-25 22:10:43] $cat.dist
INFO [2020-03-25 22:10:43] c(0.05, 0.05)
INFO [2020-03-25 22:10:43] 
INFO [2020-03-25 22:10:43] $fontfamily
INFO [2020-03-25 22:10:43] [1] "sans"
INFO [2020-03-25 22:10:43] 
INFO [2020-03-25 22:10:43] $cat.fontfamily
INFO [2020-03-25 22:10:43] [1] "sans"
INFO [2020-03-25 22:10:43] 
INFO [2020-03-25 22:10:43] $main.fontfamily
INFO [2020-03-25 22:10:43] [1] "sans"
INFO [2020-03-25 22:10:43] 
