INFO [2020-03-25 21:38:51] [[1]]
INFO [2020-03-25 21:38:51] x
INFO [2020-03-25 21:38:51] 
INFO [2020-03-25 21:38:51] $col
INFO [2020-03-25 21:38:51] colors
INFO [2020-03-25 21:38:51] 
INFO [2020-03-25 21:38:51] $margin
INFO [2020-03-25 21:38:51] [1] 0.05
INFO [2020-03-25 21:38:51] 
INFO [2020-03-25 21:38:51] $filename
INFO [2020-03-25 21:38:51] NULL
INFO [2020-03-25 21:38:51] 
INFO [2020-03-25 21:38:51] $resolution
INFO [2020-03-25 21:38:51] [1] 900
INFO [2020-03-25 21:38:51] 
INFO [2020-03-25 21:38:51] $height
INFO [2020-03-25 21:38:51] [1] 400
INFO [2020-03-25 21:38:51] 
INFO [2020-03-25 21:38:51] $force.unique
INFO [2020-03-25 21:38:51] T
INFO [2020-03-25 21:38:51] 
INFO [2020-03-25 21:38:51] $main
INFO [2020-03-25 21:38:51] main
INFO [2020-03-25 21:38:51] 
INFO [2020-03-25 21:38:51] $sub
INFO [2020-03-25 21:38:51] [1] " "
INFO [2020-03-25 21:38:51] 
INFO [2020-03-25 21:38:51] $sub.pos
INFO [2020-03-25 21:38:51] c(0, 0)
INFO [2020-03-25 21:38:51] 
INFO [2020-03-25 21:38:51] $scaled
INFO [2020-03-25 21:38:51] F
INFO [2020-03-25 21:38:51] 
INFO [2020-03-25 21:38:51] $cat.cex
INFO [2020-03-25 21:38:51] [1] 1.1
INFO [2020-03-25 21:38:51] 
INFO [2020-03-25 21:38:51] $cex
INFO [2020-03-25 21:38:51] [1] 2
INFO [2020-03-25 21:38:51] 
INFO [2020-03-25 21:38:51] $cat.pos
INFO [2020-03-25 21:38:51] c(180, 180)
INFO [2020-03-25 21:38:51] 
INFO [2020-03-25 21:38:51] $cat.dist
INFO [2020-03-25 21:38:51] c(0.05, 0.05)
INFO [2020-03-25 21:38:51] 
INFO [2020-03-25 21:38:51] $fontfamily
INFO [2020-03-25 21:38:51] [1] "sans"
INFO [2020-03-25 21:38:51] 
INFO [2020-03-25 21:38:51] $cat.fontfamily
INFO [2020-03-25 21:38:51] [1] "sans"
INFO [2020-03-25 21:38:51] 
INFO [2020-03-25 21:38:51] $main.fontfamily
INFO [2020-03-25 21:38:51] [1] "sans"
INFO [2020-03-25 21:38:51] 
