INFO [2020-03-25 16:57:10] [[1]]
INFO [2020-03-25 16:57:10] x
INFO [2020-03-25 16:57:10] 
INFO [2020-03-25 16:57:10] $col
INFO [2020-03-25 16:57:10] colors
INFO [2020-03-25 16:57:10] 
INFO [2020-03-25 16:57:10] $margin
INFO [2020-03-25 16:57:10] [1] 0.05
INFO [2020-03-25 16:57:10] 
INFO [2020-03-25 16:57:10] $filename
INFO [2020-03-25 16:57:10] NULL
INFO [2020-03-25 16:57:10] 
INFO [2020-03-25 16:57:10] $resolution
INFO [2020-03-25 16:57:10] [1] 900
INFO [2020-03-25 16:57:10] 
INFO [2020-03-25 16:57:10] $height
INFO [2020-03-25 16:57:10] [1] 400
INFO [2020-03-25 16:57:10] 
INFO [2020-03-25 16:57:10] $force.unique
INFO [2020-03-25 16:57:10] T
INFO [2020-03-25 16:57:10] 
INFO [2020-03-25 16:57:10] $main
INFO [2020-03-25 16:57:10] main
INFO [2020-03-25 16:57:10] 
INFO [2020-03-25 16:57:10] $sub
INFO [2020-03-25 16:57:10] [1] " "
INFO [2020-03-25 16:57:10] 
INFO [2020-03-25 16:57:10] $sub.pos
INFO [2020-03-25 16:57:10] c(0, 0)
INFO [2020-03-25 16:57:10] 
INFO [2020-03-25 16:57:10] $scaled
INFO [2020-03-25 16:57:10] F
INFO [2020-03-25 16:57:10] 
INFO [2020-03-25 16:57:10] $cat.cex
INFO [2020-03-25 16:57:10] [1] 1.1
INFO [2020-03-25 16:57:10] 
INFO [2020-03-25 16:57:10] $cex
INFO [2020-03-25 16:57:10] [1] 2
INFO [2020-03-25 16:57:10] 
INFO [2020-03-25 16:57:10] $cat.pos
INFO [2020-03-25 16:57:10] c(180, 180)
INFO [2020-03-25 16:57:10] 
INFO [2020-03-25 16:57:10] $cat.dist
INFO [2020-03-25 16:57:10] c(0.05, 0.05)
INFO [2020-03-25 16:57:10] 
INFO [2020-03-25 16:57:10] $fontfamily
INFO [2020-03-25 16:57:10] [1] "sans"
INFO [2020-03-25 16:57:10] 
INFO [2020-03-25 16:57:10] $cat.fontfamily
INFO [2020-03-25 16:57:10] [1] "sans"
INFO [2020-03-25 16:57:10] 
INFO [2020-03-25 16:57:10] $main.fontfamily
INFO [2020-03-25 16:57:10] [1] "sans"
INFO [2020-03-25 16:57:10] 
