INFO [2020-03-25 20:49:33] [[1]]
INFO [2020-03-25 20:49:33] x
INFO [2020-03-25 20:49:33] 
INFO [2020-03-25 20:49:33] $col
INFO [2020-03-25 20:49:33] colors
INFO [2020-03-25 20:49:33] 
INFO [2020-03-25 20:49:33] $margin
INFO [2020-03-25 20:49:33] [1] 0.05
INFO [2020-03-25 20:49:33] 
INFO [2020-03-25 20:49:33] $filename
INFO [2020-03-25 20:49:33] NULL
INFO [2020-03-25 20:49:33] 
INFO [2020-03-25 20:49:33] $resolution
INFO [2020-03-25 20:49:33] [1] 900
INFO [2020-03-25 20:49:33] 
INFO [2020-03-25 20:49:33] $height
INFO [2020-03-25 20:49:33] [1] 400
INFO [2020-03-25 20:49:33] 
INFO [2020-03-25 20:49:33] $force.unique
INFO [2020-03-25 20:49:33] T
INFO [2020-03-25 20:49:33] 
INFO [2020-03-25 20:49:33] $main
INFO [2020-03-25 20:49:33] main
INFO [2020-03-25 20:49:33] 
INFO [2020-03-25 20:49:33] $sub
INFO [2020-03-25 20:49:33] [1] " "
INFO [2020-03-25 20:49:33] 
INFO [2020-03-25 20:49:33] $sub.pos
INFO [2020-03-25 20:49:33] c(0, 0)
INFO [2020-03-25 20:49:33] 
INFO [2020-03-25 20:49:33] $scaled
INFO [2020-03-25 20:49:33] F
INFO [2020-03-25 20:49:33] 
INFO [2020-03-25 20:49:33] $cat.cex
INFO [2020-03-25 20:49:33] [1] 1.1
INFO [2020-03-25 20:49:33] 
INFO [2020-03-25 20:49:33] $cex
INFO [2020-03-25 20:49:33] [1] 2
INFO [2020-03-25 20:49:33] 
INFO [2020-03-25 20:49:33] $cat.pos
INFO [2020-03-25 20:49:33] c(180, 180)
INFO [2020-03-25 20:49:33] 
INFO [2020-03-25 20:49:33] $cat.dist
INFO [2020-03-25 20:49:33] c(0.05, 0.05)
INFO [2020-03-25 20:49:33] 
INFO [2020-03-25 20:49:33] $fontfamily
INFO [2020-03-25 20:49:33] [1] "sans"
INFO [2020-03-25 20:49:33] 
INFO [2020-03-25 20:49:33] $cat.fontfamily
INFO [2020-03-25 20:49:33] [1] "sans"
INFO [2020-03-25 20:49:33] 
INFO [2020-03-25 20:49:33] $main.fontfamily
INFO [2020-03-25 20:49:33] [1] "sans"
INFO [2020-03-25 20:49:33] 
