INFO [2020-03-25 16:56:29] [[1]]
INFO [2020-03-25 16:56:29] x
INFO [2020-03-25 16:56:29] 
INFO [2020-03-25 16:56:29] $col
INFO [2020-03-25 16:56:29] colors
INFO [2020-03-25 16:56:29] 
INFO [2020-03-25 16:56:29] $margin
INFO [2020-03-25 16:56:29] [1] 0.05
INFO [2020-03-25 16:56:29] 
INFO [2020-03-25 16:56:29] $filename
INFO [2020-03-25 16:56:29] NULL
INFO [2020-03-25 16:56:29] 
INFO [2020-03-25 16:56:29] $resolution
INFO [2020-03-25 16:56:29] [1] 900
INFO [2020-03-25 16:56:29] 
INFO [2020-03-25 16:56:29] $height
INFO [2020-03-25 16:56:29] [1] 400
INFO [2020-03-25 16:56:29] 
INFO [2020-03-25 16:56:29] $force.unique
INFO [2020-03-25 16:56:29] T
INFO [2020-03-25 16:56:29] 
INFO [2020-03-25 16:56:29] $main
INFO [2020-03-25 16:56:29] main
INFO [2020-03-25 16:56:29] 
INFO [2020-03-25 16:56:29] $sub
INFO [2020-03-25 16:56:29] [1] " "
INFO [2020-03-25 16:56:29] 
INFO [2020-03-25 16:56:29] $sub.pos
INFO [2020-03-25 16:56:29] c(0, 0)
INFO [2020-03-25 16:56:29] 
INFO [2020-03-25 16:56:29] $scaled
INFO [2020-03-25 16:56:29] F
INFO [2020-03-25 16:56:29] 
INFO [2020-03-25 16:56:29] $cat.cex
INFO [2020-03-25 16:56:29] [1] 1.1
INFO [2020-03-25 16:56:29] 
INFO [2020-03-25 16:56:29] $cex
INFO [2020-03-25 16:56:29] [1] 2
INFO [2020-03-25 16:56:29] 
INFO [2020-03-25 16:56:29] $cat.pos
INFO [2020-03-25 16:56:29] c(180, 180)
INFO [2020-03-25 16:56:29] 
INFO [2020-03-25 16:56:29] $cat.dist
INFO [2020-03-25 16:56:29] c(0.05, 0.05)
INFO [2020-03-25 16:56:29] 
INFO [2020-03-25 16:56:29] $fontfamily
INFO [2020-03-25 16:56:29] [1] "sans"
INFO [2020-03-25 16:56:29] 
INFO [2020-03-25 16:56:29] $cat.fontfamily
INFO [2020-03-25 16:56:29] [1] "sans"
INFO [2020-03-25 16:56:29] 
INFO [2020-03-25 16:56:29] $main.fontfamily
INFO [2020-03-25 16:56:29] [1] "sans"
INFO [2020-03-25 16:56:29] 
