INFO [2020-03-25 20:49:02] [[1]]
INFO [2020-03-25 20:49:02] x
INFO [2020-03-25 20:49:02] 
INFO [2020-03-25 20:49:02] $col
INFO [2020-03-25 20:49:02] colors
INFO [2020-03-25 20:49:02] 
INFO [2020-03-25 20:49:02] $margin
INFO [2020-03-25 20:49:02] [1] 0.05
INFO [2020-03-25 20:49:02] 
INFO [2020-03-25 20:49:02] $filename
INFO [2020-03-25 20:49:02] NULL
INFO [2020-03-25 20:49:02] 
INFO [2020-03-25 20:49:02] $resolution
INFO [2020-03-25 20:49:02] [1] 900
INFO [2020-03-25 20:49:02] 
INFO [2020-03-25 20:49:02] $height
INFO [2020-03-25 20:49:02] [1] 400
INFO [2020-03-25 20:49:02] 
INFO [2020-03-25 20:49:02] $force.unique
INFO [2020-03-25 20:49:02] T
INFO [2020-03-25 20:49:02] 
INFO [2020-03-25 20:49:02] $main
INFO [2020-03-25 20:49:02] main
INFO [2020-03-25 20:49:02] 
INFO [2020-03-25 20:49:02] $sub
INFO [2020-03-25 20:49:02] [1] " "
INFO [2020-03-25 20:49:02] 
INFO [2020-03-25 20:49:02] $sub.pos
INFO [2020-03-25 20:49:02] c(0, 0)
INFO [2020-03-25 20:49:02] 
INFO [2020-03-25 20:49:02] $scaled
INFO [2020-03-25 20:49:02] F
INFO [2020-03-25 20:49:02] 
INFO [2020-03-25 20:49:02] $cat.cex
INFO [2020-03-25 20:49:02] [1] 1.1
INFO [2020-03-25 20:49:02] 
INFO [2020-03-25 20:49:02] $cex
INFO [2020-03-25 20:49:02] [1] 2
INFO [2020-03-25 20:49:02] 
INFO [2020-03-25 20:49:02] $cat.pos
INFO [2020-03-25 20:49:02] c(180, 180)
INFO [2020-03-25 20:49:02] 
INFO [2020-03-25 20:49:02] $cat.dist
INFO [2020-03-25 20:49:02] c(0.05, 0.05)
INFO [2020-03-25 20:49:02] 
INFO [2020-03-25 20:49:02] $fontfamily
INFO [2020-03-25 20:49:02] [1] "sans"
INFO [2020-03-25 20:49:02] 
INFO [2020-03-25 20:49:02] $cat.fontfamily
INFO [2020-03-25 20:49:02] [1] "sans"
INFO [2020-03-25 20:49:02] 
INFO [2020-03-25 20:49:02] $main.fontfamily
INFO [2020-03-25 20:49:02] [1] "sans"
INFO [2020-03-25 20:49:02] 
