INFO [2020-03-25 22:07:12] [[1]]
INFO [2020-03-25 22:07:12] x
INFO [2020-03-25 22:07:12] 
INFO [2020-03-25 22:07:12] $col
INFO [2020-03-25 22:07:12] colors
INFO [2020-03-25 22:07:12] 
INFO [2020-03-25 22:07:12] $margin
INFO [2020-03-25 22:07:12] [1] 0.05
INFO [2020-03-25 22:07:12] 
INFO [2020-03-25 22:07:12] $filename
INFO [2020-03-25 22:07:12] NULL
INFO [2020-03-25 22:07:12] 
INFO [2020-03-25 22:07:12] $resolution
INFO [2020-03-25 22:07:12] [1] 900
INFO [2020-03-25 22:07:12] 
INFO [2020-03-25 22:07:12] $height
INFO [2020-03-25 22:07:12] [1] 400
INFO [2020-03-25 22:07:12] 
INFO [2020-03-25 22:07:12] $force.unique
INFO [2020-03-25 22:07:12] T
INFO [2020-03-25 22:07:12] 
INFO [2020-03-25 22:07:12] $main
INFO [2020-03-25 22:07:12] main
INFO [2020-03-25 22:07:12] 
INFO [2020-03-25 22:07:12] $sub
INFO [2020-03-25 22:07:12] [1] " "
INFO [2020-03-25 22:07:12] 
INFO [2020-03-25 22:07:12] $sub.pos
INFO [2020-03-25 22:07:12] c(0, 0)
INFO [2020-03-25 22:07:12] 
INFO [2020-03-25 22:07:12] $scaled
INFO [2020-03-25 22:07:12] F
INFO [2020-03-25 22:07:12] 
INFO [2020-03-25 22:07:12] $cat.cex
INFO [2020-03-25 22:07:12] [1] 1.1
INFO [2020-03-25 22:07:12] 
INFO [2020-03-25 22:07:12] $cex
INFO [2020-03-25 22:07:12] [1] 2
INFO [2020-03-25 22:07:12] 
INFO [2020-03-25 22:07:12] $cat.pos
INFO [2020-03-25 22:07:12] c(180, 180)
INFO [2020-03-25 22:07:12] 
INFO [2020-03-25 22:07:12] $cat.dist
INFO [2020-03-25 22:07:12] c(0.05, 0.05)
INFO [2020-03-25 22:07:12] 
INFO [2020-03-25 22:07:12] $fontfamily
INFO [2020-03-25 22:07:12] [1] "sans"
INFO [2020-03-25 22:07:12] 
INFO [2020-03-25 22:07:12] $cat.fontfamily
INFO [2020-03-25 22:07:12] [1] "sans"
INFO [2020-03-25 22:07:12] 
INFO [2020-03-25 22:07:12] $main.fontfamily
INFO [2020-03-25 22:07:12] [1] "sans"
INFO [2020-03-25 22:07:12] 
