INFO [2020-03-25 16:57:11] [[1]]
INFO [2020-03-25 16:57:11] x
INFO [2020-03-25 16:57:11] 
INFO [2020-03-25 16:57:11] $col
INFO [2020-03-25 16:57:11] colors
INFO [2020-03-25 16:57:11] 
INFO [2020-03-25 16:57:11] $margin
INFO [2020-03-25 16:57:11] [1] 0.05
INFO [2020-03-25 16:57:11] 
INFO [2020-03-25 16:57:11] $filename
INFO [2020-03-25 16:57:11] NULL
INFO [2020-03-25 16:57:11] 
INFO [2020-03-25 16:57:11] $resolution
INFO [2020-03-25 16:57:11] [1] 900
INFO [2020-03-25 16:57:11] 
INFO [2020-03-25 16:57:11] $height
INFO [2020-03-25 16:57:11] [1] 400
INFO [2020-03-25 16:57:11] 
INFO [2020-03-25 16:57:11] $force.unique
INFO [2020-03-25 16:57:11] T
INFO [2020-03-25 16:57:11] 
INFO [2020-03-25 16:57:11] $main
INFO [2020-03-25 16:57:11] main
INFO [2020-03-25 16:57:11] 
INFO [2020-03-25 16:57:11] $sub
INFO [2020-03-25 16:57:11] [1] " "
INFO [2020-03-25 16:57:11] 
INFO [2020-03-25 16:57:11] $sub.pos
INFO [2020-03-25 16:57:11] c(0, 0)
INFO [2020-03-25 16:57:11] 
INFO [2020-03-25 16:57:11] $scaled
INFO [2020-03-25 16:57:11] F
INFO [2020-03-25 16:57:11] 
INFO [2020-03-25 16:57:11] $cat.cex
INFO [2020-03-25 16:57:11] [1] 1.1
INFO [2020-03-25 16:57:11] 
INFO [2020-03-25 16:57:11] $cex
INFO [2020-03-25 16:57:11] [1] 2
INFO [2020-03-25 16:57:11] 
INFO [2020-03-25 16:57:11] $cat.pos
INFO [2020-03-25 16:57:11] c(180, 180)
INFO [2020-03-25 16:57:11] 
INFO [2020-03-25 16:57:11] $cat.dist
INFO [2020-03-25 16:57:11] c(0.05, 0.05)
INFO [2020-03-25 16:57:11] 
INFO [2020-03-25 16:57:11] $fontfamily
INFO [2020-03-25 16:57:11] [1] "sans"
INFO [2020-03-25 16:57:11] 
INFO [2020-03-25 16:57:11] $cat.fontfamily
INFO [2020-03-25 16:57:11] [1] "sans"
INFO [2020-03-25 16:57:11] 
INFO [2020-03-25 16:57:11] $main.fontfamily
INFO [2020-03-25 16:57:11] [1] "sans"
INFO [2020-03-25 16:57:11] 
