INFO [2020-03-25 20:48:57] [[1]]
INFO [2020-03-25 20:48:57] x
INFO [2020-03-25 20:48:57] 
INFO [2020-03-25 20:48:57] $col
INFO [2020-03-25 20:48:57] colors
INFO [2020-03-25 20:48:57] 
INFO [2020-03-25 20:48:57] $margin
INFO [2020-03-25 20:48:57] [1] 0.05
INFO [2020-03-25 20:48:57] 
INFO [2020-03-25 20:48:57] $filename
INFO [2020-03-25 20:48:57] NULL
INFO [2020-03-25 20:48:57] 
INFO [2020-03-25 20:48:57] $resolution
INFO [2020-03-25 20:48:57] [1] 900
INFO [2020-03-25 20:48:57] 
INFO [2020-03-25 20:48:57] $height
INFO [2020-03-25 20:48:57] [1] 400
INFO [2020-03-25 20:48:57] 
INFO [2020-03-25 20:48:57] $force.unique
INFO [2020-03-25 20:48:57] T
INFO [2020-03-25 20:48:57] 
INFO [2020-03-25 20:48:57] $main
INFO [2020-03-25 20:48:57] main
INFO [2020-03-25 20:48:57] 
INFO [2020-03-25 20:48:57] $sub
INFO [2020-03-25 20:48:57] [1] " "
INFO [2020-03-25 20:48:57] 
INFO [2020-03-25 20:48:57] $sub.pos
INFO [2020-03-25 20:48:57] c(0, 0)
INFO [2020-03-25 20:48:57] 
INFO [2020-03-25 20:48:57] $scaled
INFO [2020-03-25 20:48:57] F
INFO [2020-03-25 20:48:57] 
INFO [2020-03-25 20:48:57] $cat.cex
INFO [2020-03-25 20:48:57] [1] 1.1
INFO [2020-03-25 20:48:57] 
INFO [2020-03-25 20:48:57] $cex
INFO [2020-03-25 20:48:57] [1] 2
INFO [2020-03-25 20:48:57] 
INFO [2020-03-25 20:48:57] $cat.pos
INFO [2020-03-25 20:48:57] c(180, 180)
INFO [2020-03-25 20:48:57] 
INFO [2020-03-25 20:48:57] $cat.dist
INFO [2020-03-25 20:48:57] c(0.05, 0.05)
INFO [2020-03-25 20:48:57] 
INFO [2020-03-25 20:48:57] $fontfamily
INFO [2020-03-25 20:48:57] [1] "sans"
INFO [2020-03-25 20:48:57] 
INFO [2020-03-25 20:48:57] $cat.fontfamily
INFO [2020-03-25 20:48:57] [1] "sans"
INFO [2020-03-25 20:48:57] 
INFO [2020-03-25 20:48:57] $main.fontfamily
INFO [2020-03-25 20:48:57] [1] "sans"
INFO [2020-03-25 20:48:57] 
