INFO [2020-03-25 20:49:04] [[1]]
INFO [2020-03-25 20:49:04] x
INFO [2020-03-25 20:49:04] 
INFO [2020-03-25 20:49:04] $col
INFO [2020-03-25 20:49:04] colors
INFO [2020-03-25 20:49:04] 
INFO [2020-03-25 20:49:04] $margin
INFO [2020-03-25 20:49:04] [1] 0.05
INFO [2020-03-25 20:49:04] 
INFO [2020-03-25 20:49:04] $filename
INFO [2020-03-25 20:49:04] NULL
INFO [2020-03-25 20:49:04] 
INFO [2020-03-25 20:49:04] $resolution
INFO [2020-03-25 20:49:04] [1] 900
INFO [2020-03-25 20:49:04] 
INFO [2020-03-25 20:49:04] $height
INFO [2020-03-25 20:49:04] [1] 400
INFO [2020-03-25 20:49:04] 
INFO [2020-03-25 20:49:04] $force.unique
INFO [2020-03-25 20:49:04] T
INFO [2020-03-25 20:49:04] 
INFO [2020-03-25 20:49:04] $main
INFO [2020-03-25 20:49:04] main
INFO [2020-03-25 20:49:04] 
INFO [2020-03-25 20:49:04] $sub
INFO [2020-03-25 20:49:04] [1] " "
INFO [2020-03-25 20:49:04] 
INFO [2020-03-25 20:49:04] $sub.pos
INFO [2020-03-25 20:49:04] c(0, 0)
INFO [2020-03-25 20:49:04] 
INFO [2020-03-25 20:49:04] $scaled
INFO [2020-03-25 20:49:04] F
INFO [2020-03-25 20:49:04] 
INFO [2020-03-25 20:49:04] $cat.cex
INFO [2020-03-25 20:49:04] [1] 1.1
INFO [2020-03-25 20:49:04] 
INFO [2020-03-25 20:49:04] $cex
INFO [2020-03-25 20:49:04] [1] 2
INFO [2020-03-25 20:49:04] 
INFO [2020-03-25 20:49:04] $cat.pos
INFO [2020-03-25 20:49:04] c(180, 180)
INFO [2020-03-25 20:49:04] 
INFO [2020-03-25 20:49:04] $cat.dist
INFO [2020-03-25 20:49:04] c(0.05, 0.05)
INFO [2020-03-25 20:49:04] 
INFO [2020-03-25 20:49:04] $fontfamily
INFO [2020-03-25 20:49:04] [1] "sans"
INFO [2020-03-25 20:49:04] 
INFO [2020-03-25 20:49:04] $cat.fontfamily
INFO [2020-03-25 20:49:04] [1] "sans"
INFO [2020-03-25 20:49:04] 
INFO [2020-03-25 20:49:04] $main.fontfamily
INFO [2020-03-25 20:49:04] [1] "sans"
INFO [2020-03-25 20:49:04] 
