INFO [2020-03-25 20:53:08] [[1]]
INFO [2020-03-25 20:53:08] x
INFO [2020-03-25 20:53:08] 
INFO [2020-03-25 20:53:08] $col
INFO [2020-03-25 20:53:08] colors
INFO [2020-03-25 20:53:08] 
INFO [2020-03-25 20:53:08] $margin
INFO [2020-03-25 20:53:08] [1] 0.05
INFO [2020-03-25 20:53:08] 
INFO [2020-03-25 20:53:08] $filename
INFO [2020-03-25 20:53:08] NULL
INFO [2020-03-25 20:53:08] 
INFO [2020-03-25 20:53:08] $resolution
INFO [2020-03-25 20:53:08] [1] 900
INFO [2020-03-25 20:53:08] 
INFO [2020-03-25 20:53:08] $height
INFO [2020-03-25 20:53:08] [1] 400
INFO [2020-03-25 20:53:08] 
INFO [2020-03-25 20:53:08] $force.unique
INFO [2020-03-25 20:53:08] T
INFO [2020-03-25 20:53:08] 
INFO [2020-03-25 20:53:08] $main
INFO [2020-03-25 20:53:08] main
INFO [2020-03-25 20:53:08] 
INFO [2020-03-25 20:53:08] $sub
INFO [2020-03-25 20:53:08] [1] " "
INFO [2020-03-25 20:53:08] 
INFO [2020-03-25 20:53:08] $sub.pos
INFO [2020-03-25 20:53:08] c(0, 0)
INFO [2020-03-25 20:53:08] 
INFO [2020-03-25 20:53:08] $scaled
INFO [2020-03-25 20:53:08] F
INFO [2020-03-25 20:53:08] 
INFO [2020-03-25 20:53:08] $cat.cex
INFO [2020-03-25 20:53:08] [1] 1.1
INFO [2020-03-25 20:53:08] 
INFO [2020-03-25 20:53:08] $cex
INFO [2020-03-25 20:53:08] [1] 2
INFO [2020-03-25 20:53:08] 
INFO [2020-03-25 20:53:08] $cat.pos
INFO [2020-03-25 20:53:08] c(180, 180)
INFO [2020-03-25 20:53:08] 
INFO [2020-03-25 20:53:08] $cat.dist
INFO [2020-03-25 20:53:08] c(0.05, 0.05)
INFO [2020-03-25 20:53:08] 
INFO [2020-03-25 20:53:08] $fontfamily
INFO [2020-03-25 20:53:08] [1] "sans"
INFO [2020-03-25 20:53:08] 
INFO [2020-03-25 20:53:08] $cat.fontfamily
INFO [2020-03-25 20:53:08] [1] "sans"
INFO [2020-03-25 20:53:08] 
INFO [2020-03-25 20:53:08] $main.fontfamily
INFO [2020-03-25 20:53:08] [1] "sans"
INFO [2020-03-25 20:53:08] 
