INFO [2020-03-25 20:49:32] [[1]]
INFO [2020-03-25 20:49:32] x
INFO [2020-03-25 20:49:32] 
INFO [2020-03-25 20:49:32] $col
INFO [2020-03-25 20:49:32] colors
INFO [2020-03-25 20:49:32] 
INFO [2020-03-25 20:49:32] $margin
INFO [2020-03-25 20:49:32] [1] 0.05
INFO [2020-03-25 20:49:32] 
INFO [2020-03-25 20:49:32] $filename
INFO [2020-03-25 20:49:32] NULL
INFO [2020-03-25 20:49:32] 
INFO [2020-03-25 20:49:32] $resolution
INFO [2020-03-25 20:49:32] [1] 900
INFO [2020-03-25 20:49:32] 
INFO [2020-03-25 20:49:32] $height
INFO [2020-03-25 20:49:32] [1] 400
INFO [2020-03-25 20:49:32] 
INFO [2020-03-25 20:49:32] $force.unique
INFO [2020-03-25 20:49:32] T
INFO [2020-03-25 20:49:32] 
INFO [2020-03-25 20:49:32] $main
INFO [2020-03-25 20:49:32] main
INFO [2020-03-25 20:49:32] 
INFO [2020-03-25 20:49:32] $sub
INFO [2020-03-25 20:49:32] [1] " "
INFO [2020-03-25 20:49:32] 
INFO [2020-03-25 20:49:32] $sub.pos
INFO [2020-03-25 20:49:32] c(0, 0)
INFO [2020-03-25 20:49:32] 
INFO [2020-03-25 20:49:32] $scaled
INFO [2020-03-25 20:49:32] F
INFO [2020-03-25 20:49:32] 
INFO [2020-03-25 20:49:32] $cat.cex
INFO [2020-03-25 20:49:32] [1] 1.1
INFO [2020-03-25 20:49:32] 
INFO [2020-03-25 20:49:32] $cex
INFO [2020-03-25 20:49:32] [1] 2
INFO [2020-03-25 20:49:32] 
INFO [2020-03-25 20:49:32] $cat.pos
INFO [2020-03-25 20:49:32] c(180, 180)
INFO [2020-03-25 20:49:32] 
INFO [2020-03-25 20:49:32] $cat.dist
INFO [2020-03-25 20:49:32] c(0.05, 0.05)
INFO [2020-03-25 20:49:32] 
INFO [2020-03-25 20:49:32] $fontfamily
INFO [2020-03-25 20:49:32] [1] "sans"
INFO [2020-03-25 20:49:32] 
INFO [2020-03-25 20:49:32] $cat.fontfamily
INFO [2020-03-25 20:49:32] [1] "sans"
INFO [2020-03-25 20:49:32] 
INFO [2020-03-25 20:49:32] $main.fontfamily
INFO [2020-03-25 20:49:32] [1] "sans"
INFO [2020-03-25 20:49:32] 
INFO [2020-03-25 20:49:32] [[1]]
INFO [2020-03-25 20:49:32] x
INFO [2020-03-25 20:49:32] 
INFO [2020-03-25 20:49:32] $col
INFO [2020-03-25 20:49:32] colors
INFO [2020-03-25 20:49:32] 
INFO [2020-03-25 20:49:32] $margin
INFO [2020-03-25 20:49:32] [1] 0.05
INFO [2020-03-25 20:49:32] 
INFO [2020-03-25 20:49:32] $filename
INFO [2020-03-25 20:49:32] NULL
INFO [2020-03-25 20:49:32] 
INFO [2020-03-25 20:49:32] $resolution
INFO [2020-03-25 20:49:32] [1] 900
INFO [2020-03-25 20:49:32] 
INFO [2020-03-25 20:49:32] $height
INFO [2020-03-25 20:49:32] [1] 400
INFO [2020-03-25 20:49:32] 
INFO [2020-03-25 20:49:32] $force.unique
INFO [2020-03-25 20:49:32] T
INFO [2020-03-25 20:49:32] 
INFO [2020-03-25 20:49:32] $main
INFO [2020-03-25 20:49:32] main
INFO [2020-03-25 20:49:32] 
INFO [2020-03-25 20:49:32] $sub
INFO [2020-03-25 20:49:32] [1] " "
INFO [2020-03-25 20:49:32] 
INFO [2020-03-25 20:49:32] $sub.pos
INFO [2020-03-25 20:49:32] c(0, 0)
INFO [2020-03-25 20:49:32] 
INFO [2020-03-25 20:49:32] $scaled
INFO [2020-03-25 20:49:32] F
INFO [2020-03-25 20:49:32] 
INFO [2020-03-25 20:49:32] $cat.cex
INFO [2020-03-25 20:49:32] [1] 1.1
INFO [2020-03-25 20:49:32] 
INFO [2020-03-25 20:49:32] $cex
INFO [2020-03-25 20:49:32] [1] 2
INFO [2020-03-25 20:49:32] 
INFO [2020-03-25 20:49:32] $cat.pos
INFO [2020-03-25 20:49:32] c(180, 180)
INFO [2020-03-25 20:49:32] 
INFO [2020-03-25 20:49:32] $cat.dist
INFO [2020-03-25 20:49:32] c(0.05, 0.05)
INFO [2020-03-25 20:49:32] 
INFO [2020-03-25 20:49:32] $fontfamily
INFO [2020-03-25 20:49:32] [1] "sans"
INFO [2020-03-25 20:49:32] 
INFO [2020-03-25 20:49:32] $cat.fontfamily
INFO [2020-03-25 20:49:32] [1] "sans"
INFO [2020-03-25 20:49:32] 
INFO [2020-03-25 20:49:32] $main.fontfamily
INFO [2020-03-25 20:49:32] [1] "sans"
INFO [2020-03-25 20:49:32] 
