INFO [2020-03-25 18:33:19] [[1]]
INFO [2020-03-25 18:33:19] x
INFO [2020-03-25 18:33:19] 
INFO [2020-03-25 18:33:19] $col
INFO [2020-03-25 18:33:19] colors
INFO [2020-03-25 18:33:19] 
INFO [2020-03-25 18:33:19] $margin
INFO [2020-03-25 18:33:19] [1] 0.05
INFO [2020-03-25 18:33:19] 
INFO [2020-03-25 18:33:19] $filename
INFO [2020-03-25 18:33:19] NULL
INFO [2020-03-25 18:33:19] 
INFO [2020-03-25 18:33:19] $resolution
INFO [2020-03-25 18:33:19] [1] 900
INFO [2020-03-25 18:33:19] 
INFO [2020-03-25 18:33:19] $height
INFO [2020-03-25 18:33:19] [1] 400
INFO [2020-03-25 18:33:19] 
INFO [2020-03-25 18:33:19] $force.unique
INFO [2020-03-25 18:33:19] T
INFO [2020-03-25 18:33:19] 
INFO [2020-03-25 18:33:19] $main
INFO [2020-03-25 18:33:19] main
INFO [2020-03-25 18:33:19] 
INFO [2020-03-25 18:33:19] $sub
INFO [2020-03-25 18:33:19] [1] " "
INFO [2020-03-25 18:33:19] 
INFO [2020-03-25 18:33:19] $sub.pos
INFO [2020-03-25 18:33:19] c(0, 0)
INFO [2020-03-25 18:33:19] 
INFO [2020-03-25 18:33:19] $scaled
INFO [2020-03-25 18:33:19] F
INFO [2020-03-25 18:33:19] 
INFO [2020-03-25 18:33:19] $cat.cex
INFO [2020-03-25 18:33:19] [1] 1.1
INFO [2020-03-25 18:33:19] 
INFO [2020-03-25 18:33:19] $cex
INFO [2020-03-25 18:33:19] [1] 2
INFO [2020-03-25 18:33:19] 
INFO [2020-03-25 18:33:19] $cat.pos
INFO [2020-03-25 18:33:19] c(180, 180)
INFO [2020-03-25 18:33:19] 
INFO [2020-03-25 18:33:19] $cat.dist
INFO [2020-03-25 18:33:19] c(0.05, 0.05)
INFO [2020-03-25 18:33:19] 
INFO [2020-03-25 18:33:19] $fontfamily
INFO [2020-03-25 18:33:19] [1] "sans"
INFO [2020-03-25 18:33:19] 
INFO [2020-03-25 18:33:19] $cat.fontfamily
INFO [2020-03-25 18:33:19] [1] "sans"
INFO [2020-03-25 18:33:19] 
INFO [2020-03-25 18:33:19] $main.fontfamily
INFO [2020-03-25 18:33:19] [1] "sans"
INFO [2020-03-25 18:33:19] 
