INFO [2020-03-25 16:57:13] [[1]]
INFO [2020-03-25 16:57:13] x
INFO [2020-03-25 16:57:13] 
INFO [2020-03-25 16:57:13] $col
INFO [2020-03-25 16:57:13] colors
INFO [2020-03-25 16:57:13] 
INFO [2020-03-25 16:57:13] $margin
INFO [2020-03-25 16:57:13] [1] 0.05
INFO [2020-03-25 16:57:13] 
INFO [2020-03-25 16:57:13] $filename
INFO [2020-03-25 16:57:13] NULL
INFO [2020-03-25 16:57:13] 
INFO [2020-03-25 16:57:13] $resolution
INFO [2020-03-25 16:57:13] [1] 900
INFO [2020-03-25 16:57:13] 
INFO [2020-03-25 16:57:13] $height
INFO [2020-03-25 16:57:13] [1] 400
INFO [2020-03-25 16:57:13] 
INFO [2020-03-25 16:57:13] $force.unique
INFO [2020-03-25 16:57:13] T
INFO [2020-03-25 16:57:13] 
INFO [2020-03-25 16:57:13] $main
INFO [2020-03-25 16:57:13] main
INFO [2020-03-25 16:57:13] 
INFO [2020-03-25 16:57:13] $sub
INFO [2020-03-25 16:57:13] [1] " "
INFO [2020-03-25 16:57:13] 
INFO [2020-03-25 16:57:13] $sub.pos
INFO [2020-03-25 16:57:13] c(0, 0)
INFO [2020-03-25 16:57:13] 
INFO [2020-03-25 16:57:13] $scaled
INFO [2020-03-25 16:57:13] F
INFO [2020-03-25 16:57:13] 
INFO [2020-03-25 16:57:13] $cat.cex
INFO [2020-03-25 16:57:13] [1] 1.1
INFO [2020-03-25 16:57:13] 
INFO [2020-03-25 16:57:13] $cex
INFO [2020-03-25 16:57:13] [1] 2
INFO [2020-03-25 16:57:13] 
INFO [2020-03-25 16:57:13] $cat.pos
INFO [2020-03-25 16:57:13] c(180, 180)
INFO [2020-03-25 16:57:13] 
INFO [2020-03-25 16:57:13] $cat.dist
INFO [2020-03-25 16:57:13] c(0.05, 0.05)
INFO [2020-03-25 16:57:13] 
INFO [2020-03-25 16:57:13] $fontfamily
INFO [2020-03-25 16:57:13] [1] "sans"
INFO [2020-03-25 16:57:13] 
INFO [2020-03-25 16:57:13] $cat.fontfamily
INFO [2020-03-25 16:57:13] [1] "sans"
INFO [2020-03-25 16:57:13] 
INFO [2020-03-25 16:57:13] $main.fontfamily
INFO [2020-03-25 16:57:13] [1] "sans"
INFO [2020-03-25 16:57:13] 
