INFO [2020-03-24 13:20:42] [[1]]
INFO [2020-03-24 13:20:42] x
INFO [2020-03-24 13:20:42] 
INFO [2020-03-24 13:20:42] $col
INFO [2020-03-24 13:20:42] mycolours3
INFO [2020-03-24 13:20:42] 
INFO [2020-03-24 13:20:42] $margin
INFO [2020-03-24 13:20:42] [1] 0.05
INFO [2020-03-24 13:20:42] 
INFO [2020-03-24 13:20:42] $filename
INFO [2020-03-24 13:20:42] NULL
INFO [2020-03-24 13:20:42] 
INFO [2020-03-24 13:20:42] $resolution
INFO [2020-03-24 13:20:42] [1] 900
INFO [2020-03-24 13:20:42] 
INFO [2020-03-24 13:20:42] $height
INFO [2020-03-24 13:20:42] [1] 400
INFO [2020-03-24 13:20:42] 
INFO [2020-03-24 13:20:42] $force.unique
INFO [2020-03-24 13:20:42] T
INFO [2020-03-24 13:20:42] 
INFO [2020-03-24 13:20:42] $main
INFO [2020-03-24 13:20:42] paste("p value = ", format(pvalue, digits = 4))
INFO [2020-03-24 13:20:42] 
INFO [2020-03-24 13:20:42] $sub
INFO [2020-03-24 13:20:42] [1] " "
INFO [2020-03-24 13:20:42] 
INFO [2020-03-24 13:20:42] $sub.pos
INFO [2020-03-24 13:20:42] c(0, 0)
INFO [2020-03-24 13:20:42] 
INFO [2020-03-24 13:20:42] $scaled
INFO [2020-03-24 13:20:42] F
INFO [2020-03-24 13:20:42] 
INFO [2020-03-24 13:20:42] $cat.cex
INFO [2020-03-24 13:20:42] [1] 1.1
INFO [2020-03-24 13:20:42] 
INFO [2020-03-24 13:20:42] $cex
INFO [2020-03-24 13:20:42] [1] 2
INFO [2020-03-24 13:20:42] 
INFO [2020-03-24 13:20:42] $cat.pos
INFO [2020-03-24 13:20:42] c(180, 180)
INFO [2020-03-24 13:20:42] 
INFO [2020-03-24 13:20:42] $cat.dist
INFO [2020-03-24 13:20:42] c(0.05, 0.05)
INFO [2020-03-24 13:20:42] 
