INFO [2020-03-25 20:48:58] [[1]]
INFO [2020-03-25 20:48:58] x
INFO [2020-03-25 20:48:58] 
INFO [2020-03-25 20:48:58] $col
INFO [2020-03-25 20:48:58] colors
INFO [2020-03-25 20:48:58] 
INFO [2020-03-25 20:48:58] $margin
INFO [2020-03-25 20:48:58] [1] 0.05
INFO [2020-03-25 20:48:58] 
INFO [2020-03-25 20:48:58] $filename
INFO [2020-03-25 20:48:58] NULL
INFO [2020-03-25 20:48:58] 
INFO [2020-03-25 20:48:58] $resolution
INFO [2020-03-25 20:48:58] [1] 900
INFO [2020-03-25 20:48:58] 
INFO [2020-03-25 20:48:58] $height
INFO [2020-03-25 20:48:58] [1] 400
INFO [2020-03-25 20:48:58] 
INFO [2020-03-25 20:48:58] $force.unique
INFO [2020-03-25 20:48:58] T
INFO [2020-03-25 20:48:58] 
INFO [2020-03-25 20:48:58] $main
INFO [2020-03-25 20:48:58] main
INFO [2020-03-25 20:48:58] 
INFO [2020-03-25 20:48:58] $sub
INFO [2020-03-25 20:48:58] [1] " "
INFO [2020-03-25 20:48:58] 
INFO [2020-03-25 20:48:58] $sub.pos
INFO [2020-03-25 20:48:58] c(0, 0)
INFO [2020-03-25 20:48:58] 
INFO [2020-03-25 20:48:58] $scaled
INFO [2020-03-25 20:48:58] F
INFO [2020-03-25 20:48:58] 
INFO [2020-03-25 20:48:58] $cat.cex
INFO [2020-03-25 20:48:58] [1] 1.1
INFO [2020-03-25 20:48:58] 
INFO [2020-03-25 20:48:58] $cex
INFO [2020-03-25 20:48:58] [1] 2
INFO [2020-03-25 20:48:58] 
INFO [2020-03-25 20:48:58] $cat.pos
INFO [2020-03-25 20:48:58] c(180, 180)
INFO [2020-03-25 20:48:58] 
INFO [2020-03-25 20:48:58] $cat.dist
INFO [2020-03-25 20:48:58] c(0.05, 0.05)
INFO [2020-03-25 20:48:58] 
INFO [2020-03-25 20:48:58] $fontfamily
INFO [2020-03-25 20:48:58] [1] "sans"
INFO [2020-03-25 20:48:58] 
INFO [2020-03-25 20:48:58] $cat.fontfamily
INFO [2020-03-25 20:48:58] [1] "sans"
INFO [2020-03-25 20:48:58] 
INFO [2020-03-25 20:48:58] $main.fontfamily
INFO [2020-03-25 20:48:58] [1] "sans"
INFO [2020-03-25 20:48:58] 
