INFO [2020-03-25 20:49:42] [[1]]
INFO [2020-03-25 20:49:42] x
INFO [2020-03-25 20:49:42] 
INFO [2020-03-25 20:49:42] $col
INFO [2020-03-25 20:49:42] colors
INFO [2020-03-25 20:49:42] 
INFO [2020-03-25 20:49:42] $margin
INFO [2020-03-25 20:49:42] [1] 0.05
INFO [2020-03-25 20:49:42] 
INFO [2020-03-25 20:49:42] $filename
INFO [2020-03-25 20:49:42] NULL
INFO [2020-03-25 20:49:42] 
INFO [2020-03-25 20:49:42] $resolution
INFO [2020-03-25 20:49:42] [1] 900
INFO [2020-03-25 20:49:42] 
INFO [2020-03-25 20:49:42] $height
INFO [2020-03-25 20:49:42] [1] 400
INFO [2020-03-25 20:49:42] 
INFO [2020-03-25 20:49:42] $force.unique
INFO [2020-03-25 20:49:42] T
INFO [2020-03-25 20:49:42] 
INFO [2020-03-25 20:49:42] $main
INFO [2020-03-25 20:49:42] main
INFO [2020-03-25 20:49:42] 
INFO [2020-03-25 20:49:42] $sub
INFO [2020-03-25 20:49:42] [1] " "
INFO [2020-03-25 20:49:42] 
INFO [2020-03-25 20:49:42] $sub.pos
INFO [2020-03-25 20:49:42] c(0, 0)
INFO [2020-03-25 20:49:42] 
INFO [2020-03-25 20:49:42] $scaled
INFO [2020-03-25 20:49:42] F
INFO [2020-03-25 20:49:42] 
INFO [2020-03-25 20:49:42] $cat.cex
INFO [2020-03-25 20:49:42] [1] 1.1
INFO [2020-03-25 20:49:42] 
INFO [2020-03-25 20:49:42] $cex
INFO [2020-03-25 20:49:42] [1] 2
INFO [2020-03-25 20:49:42] 
INFO [2020-03-25 20:49:42] $cat.pos
INFO [2020-03-25 20:49:42] c(180, 180)
INFO [2020-03-25 20:49:42] 
INFO [2020-03-25 20:49:42] $cat.dist
INFO [2020-03-25 20:49:42] c(0.05, 0.05)
INFO [2020-03-25 20:49:42] 
INFO [2020-03-25 20:49:42] $fontfamily
INFO [2020-03-25 20:49:42] [1] "sans"
INFO [2020-03-25 20:49:42] 
INFO [2020-03-25 20:49:42] $cat.fontfamily
INFO [2020-03-25 20:49:42] [1] "sans"
INFO [2020-03-25 20:49:42] 
INFO [2020-03-25 20:49:42] $main.fontfamily
INFO [2020-03-25 20:49:42] [1] "sans"
INFO [2020-03-25 20:49:42] 
