INFO [2020-03-25 21:04:01] [[1]]
INFO [2020-03-25 21:04:01] x
INFO [2020-03-25 21:04:01] 
INFO [2020-03-25 21:04:01] $col
INFO [2020-03-25 21:04:01] colors
INFO [2020-03-25 21:04:01] 
INFO [2020-03-25 21:04:01] $margin
INFO [2020-03-25 21:04:01] [1] 0.05
INFO [2020-03-25 21:04:01] 
INFO [2020-03-25 21:04:01] $filename
INFO [2020-03-25 21:04:01] NULL
INFO [2020-03-25 21:04:01] 
INFO [2020-03-25 21:04:01] $resolution
INFO [2020-03-25 21:04:01] [1] 900
INFO [2020-03-25 21:04:01] 
INFO [2020-03-25 21:04:01] $height
INFO [2020-03-25 21:04:01] [1] 400
INFO [2020-03-25 21:04:01] 
INFO [2020-03-25 21:04:01] $force.unique
INFO [2020-03-25 21:04:01] T
INFO [2020-03-25 21:04:01] 
INFO [2020-03-25 21:04:01] $main
INFO [2020-03-25 21:04:01] main
INFO [2020-03-25 21:04:01] 
INFO [2020-03-25 21:04:01] $sub
INFO [2020-03-25 21:04:01] [1] " "
INFO [2020-03-25 21:04:01] 
INFO [2020-03-25 21:04:01] $sub.pos
INFO [2020-03-25 21:04:01] c(0, 0)
INFO [2020-03-25 21:04:01] 
INFO [2020-03-25 21:04:01] $scaled
INFO [2020-03-25 21:04:01] F
INFO [2020-03-25 21:04:01] 
INFO [2020-03-25 21:04:01] $cat.cex
INFO [2020-03-25 21:04:01] [1] 1.1
INFO [2020-03-25 21:04:01] 
INFO [2020-03-25 21:04:01] $cex
INFO [2020-03-25 21:04:01] [1] 2
INFO [2020-03-25 21:04:01] 
INFO [2020-03-25 21:04:01] $cat.pos
INFO [2020-03-25 21:04:01] c(180, 180)
INFO [2020-03-25 21:04:01] 
INFO [2020-03-25 21:04:01] $cat.dist
INFO [2020-03-25 21:04:01] c(0.05, 0.05)
INFO [2020-03-25 21:04:01] 
INFO [2020-03-25 21:04:01] $fontfamily
INFO [2020-03-25 21:04:01] [1] "sans"
INFO [2020-03-25 21:04:01] 
INFO [2020-03-25 21:04:01] $cat.fontfamily
INFO [2020-03-25 21:04:01] [1] "sans"
INFO [2020-03-25 21:04:01] 
INFO [2020-03-25 21:04:01] $main.fontfamily
INFO [2020-03-25 21:04:01] [1] "sans"
INFO [2020-03-25 21:04:01] 
