INFO [2020-03-25 20:49:00] [[1]]
INFO [2020-03-25 20:49:00] x
INFO [2020-03-25 20:49:00] 
INFO [2020-03-25 20:49:00] $col
INFO [2020-03-25 20:49:00] colors
INFO [2020-03-25 20:49:00] 
INFO [2020-03-25 20:49:00] $margin
INFO [2020-03-25 20:49:00] [1] 0.05
INFO [2020-03-25 20:49:00] 
INFO [2020-03-25 20:49:00] $filename
INFO [2020-03-25 20:49:00] NULL
INFO [2020-03-25 20:49:00] 
INFO [2020-03-25 20:49:00] $resolution
INFO [2020-03-25 20:49:00] [1] 900
INFO [2020-03-25 20:49:00] 
INFO [2020-03-25 20:49:00] $height
INFO [2020-03-25 20:49:00] [1] 400
INFO [2020-03-25 20:49:00] 
INFO [2020-03-25 20:49:00] $force.unique
INFO [2020-03-25 20:49:00] T
INFO [2020-03-25 20:49:00] 
INFO [2020-03-25 20:49:00] $main
INFO [2020-03-25 20:49:00] main
INFO [2020-03-25 20:49:00] 
INFO [2020-03-25 20:49:00] $sub
INFO [2020-03-25 20:49:00] [1] " "
INFO [2020-03-25 20:49:00] 
INFO [2020-03-25 20:49:00] $sub.pos
INFO [2020-03-25 20:49:00] c(0, 0)
INFO [2020-03-25 20:49:00] 
INFO [2020-03-25 20:49:00] $scaled
INFO [2020-03-25 20:49:00] F
INFO [2020-03-25 20:49:00] 
INFO [2020-03-25 20:49:00] $cat.cex
INFO [2020-03-25 20:49:00] [1] 1.1
INFO [2020-03-25 20:49:00] 
INFO [2020-03-25 20:49:00] $cex
INFO [2020-03-25 20:49:00] [1] 2
INFO [2020-03-25 20:49:00] 
INFO [2020-03-25 20:49:00] $cat.pos
INFO [2020-03-25 20:49:00] c(180, 180)
INFO [2020-03-25 20:49:00] 
INFO [2020-03-25 20:49:00] $cat.dist
INFO [2020-03-25 20:49:00] c(0.05, 0.05)
INFO [2020-03-25 20:49:00] 
INFO [2020-03-25 20:49:00] $fontfamily
INFO [2020-03-25 20:49:00] [1] "sans"
INFO [2020-03-25 20:49:00] 
INFO [2020-03-25 20:49:00] $cat.fontfamily
INFO [2020-03-25 20:49:00] [1] "sans"
INFO [2020-03-25 20:49:00] 
INFO [2020-03-25 20:49:00] $main.fontfamily
INFO [2020-03-25 20:49:00] [1] "sans"
INFO [2020-03-25 20:49:00] 
