INFO [2020-03-25 20:49:39] [[1]]
INFO [2020-03-25 20:49:39] x
INFO [2020-03-25 20:49:39] 
INFO [2020-03-25 20:49:39] $col
INFO [2020-03-25 20:49:39] colors
INFO [2020-03-25 20:49:39] 
INFO [2020-03-25 20:49:39] $margin
INFO [2020-03-25 20:49:39] [1] 0.05
INFO [2020-03-25 20:49:39] 
INFO [2020-03-25 20:49:39] $filename
INFO [2020-03-25 20:49:39] NULL
INFO [2020-03-25 20:49:39] 
INFO [2020-03-25 20:49:39] $resolution
INFO [2020-03-25 20:49:39] [1] 900
INFO [2020-03-25 20:49:39] 
INFO [2020-03-25 20:49:39] $height
INFO [2020-03-25 20:49:39] [1] 400
INFO [2020-03-25 20:49:39] 
INFO [2020-03-25 20:49:39] $force.unique
INFO [2020-03-25 20:49:39] T
INFO [2020-03-25 20:49:39] 
INFO [2020-03-25 20:49:39] $main
INFO [2020-03-25 20:49:39] main
INFO [2020-03-25 20:49:39] 
INFO [2020-03-25 20:49:39] $sub
INFO [2020-03-25 20:49:39] [1] " "
INFO [2020-03-25 20:49:39] 
INFO [2020-03-25 20:49:39] $sub.pos
INFO [2020-03-25 20:49:39] c(0, 0)
INFO [2020-03-25 20:49:39] 
INFO [2020-03-25 20:49:39] $scaled
INFO [2020-03-25 20:49:39] F
INFO [2020-03-25 20:49:39] 
INFO [2020-03-25 20:49:39] $cat.cex
INFO [2020-03-25 20:49:39] [1] 1.1
INFO [2020-03-25 20:49:39] 
INFO [2020-03-25 20:49:39] $cex
INFO [2020-03-25 20:49:39] [1] 2
INFO [2020-03-25 20:49:39] 
INFO [2020-03-25 20:49:39] $cat.pos
INFO [2020-03-25 20:49:39] c(180, 180)
INFO [2020-03-25 20:49:39] 
INFO [2020-03-25 20:49:39] $cat.dist
INFO [2020-03-25 20:49:39] c(0.05, 0.05)
INFO [2020-03-25 20:49:39] 
INFO [2020-03-25 20:49:39] $fontfamily
INFO [2020-03-25 20:49:39] [1] "sans"
INFO [2020-03-25 20:49:39] 
INFO [2020-03-25 20:49:39] $cat.fontfamily
INFO [2020-03-25 20:49:39] [1] "sans"
INFO [2020-03-25 20:49:39] 
INFO [2020-03-25 20:49:39] $main.fontfamily
INFO [2020-03-25 20:49:39] [1] "sans"
INFO [2020-03-25 20:49:39] 
