INFO [2020-03-25 16:57:16] [[1]]
INFO [2020-03-25 16:57:16] x
INFO [2020-03-25 16:57:16] 
INFO [2020-03-25 16:57:16] $col
INFO [2020-03-25 16:57:16] colors
INFO [2020-03-25 16:57:16] 
INFO [2020-03-25 16:57:16] $margin
INFO [2020-03-25 16:57:16] [1] 0.05
INFO [2020-03-25 16:57:16] 
INFO [2020-03-25 16:57:16] $filename
INFO [2020-03-25 16:57:16] NULL
INFO [2020-03-25 16:57:16] 
INFO [2020-03-25 16:57:16] $resolution
INFO [2020-03-25 16:57:16] [1] 900
INFO [2020-03-25 16:57:16] 
INFO [2020-03-25 16:57:16] $height
INFO [2020-03-25 16:57:16] [1] 400
INFO [2020-03-25 16:57:16] 
INFO [2020-03-25 16:57:16] $force.unique
INFO [2020-03-25 16:57:16] T
INFO [2020-03-25 16:57:16] 
INFO [2020-03-25 16:57:16] $main
INFO [2020-03-25 16:57:16] main
INFO [2020-03-25 16:57:16] 
INFO [2020-03-25 16:57:16] $sub
INFO [2020-03-25 16:57:16] [1] " "
INFO [2020-03-25 16:57:16] 
INFO [2020-03-25 16:57:16] $sub.pos
INFO [2020-03-25 16:57:16] c(0, 0)
INFO [2020-03-25 16:57:16] 
INFO [2020-03-25 16:57:16] $scaled
INFO [2020-03-25 16:57:16] F
INFO [2020-03-25 16:57:16] 
INFO [2020-03-25 16:57:16] $cat.cex
INFO [2020-03-25 16:57:16] [1] 1.1
INFO [2020-03-25 16:57:16] 
INFO [2020-03-25 16:57:16] $cex
INFO [2020-03-25 16:57:16] [1] 2
INFO [2020-03-25 16:57:16] 
INFO [2020-03-25 16:57:16] $cat.pos
INFO [2020-03-25 16:57:16] c(180, 180)
INFO [2020-03-25 16:57:16] 
INFO [2020-03-25 16:57:16] $cat.dist
INFO [2020-03-25 16:57:16] c(0.05, 0.05)
INFO [2020-03-25 16:57:16] 
INFO [2020-03-25 16:57:16] $fontfamily
INFO [2020-03-25 16:57:16] [1] "sans"
INFO [2020-03-25 16:57:16] 
INFO [2020-03-25 16:57:16] $cat.fontfamily
INFO [2020-03-25 16:57:16] [1] "sans"
INFO [2020-03-25 16:57:16] 
INFO [2020-03-25 16:57:16] $main.fontfamily
INFO [2020-03-25 16:57:16] [1] "sans"
INFO [2020-03-25 16:57:16] 
