INFO [2020-03-25 21:56:27] [[1]]
INFO [2020-03-25 21:56:27] x
INFO [2020-03-25 21:56:27] 
INFO [2020-03-25 21:56:27] $col
INFO [2020-03-25 21:56:27] colors
INFO [2020-03-25 21:56:27] 
INFO [2020-03-25 21:56:27] $margin
INFO [2020-03-25 21:56:27] [1] 0.05
INFO [2020-03-25 21:56:27] 
INFO [2020-03-25 21:56:27] $filename
INFO [2020-03-25 21:56:27] NULL
INFO [2020-03-25 21:56:27] 
INFO [2020-03-25 21:56:27] $resolution
INFO [2020-03-25 21:56:27] [1] 900
INFO [2020-03-25 21:56:27] 
INFO [2020-03-25 21:56:27] $height
INFO [2020-03-25 21:56:27] [1] 400
INFO [2020-03-25 21:56:27] 
INFO [2020-03-25 21:56:27] $force.unique
INFO [2020-03-25 21:56:27] T
INFO [2020-03-25 21:56:27] 
INFO [2020-03-25 21:56:27] $main
INFO [2020-03-25 21:56:27] main
INFO [2020-03-25 21:56:27] 
INFO [2020-03-25 21:56:27] $sub
INFO [2020-03-25 21:56:27] [1] " "
INFO [2020-03-25 21:56:27] 
INFO [2020-03-25 21:56:27] $sub.pos
INFO [2020-03-25 21:56:27] c(0, 0)
INFO [2020-03-25 21:56:27] 
INFO [2020-03-25 21:56:27] $scaled
INFO [2020-03-25 21:56:27] F
INFO [2020-03-25 21:56:27] 
INFO [2020-03-25 21:56:27] $cat.cex
INFO [2020-03-25 21:56:27] [1] 1.1
INFO [2020-03-25 21:56:27] 
INFO [2020-03-25 21:56:27] $cex
INFO [2020-03-25 21:56:27] [1] 2
INFO [2020-03-25 21:56:27] 
INFO [2020-03-25 21:56:27] $cat.pos
INFO [2020-03-25 21:56:27] c(180, 180)
INFO [2020-03-25 21:56:27] 
INFO [2020-03-25 21:56:27] $cat.dist
INFO [2020-03-25 21:56:27] c(0.05, 0.05)
INFO [2020-03-25 21:56:27] 
INFO [2020-03-25 21:56:27] $fontfamily
INFO [2020-03-25 21:56:27] [1] "sans"
INFO [2020-03-25 21:56:27] 
INFO [2020-03-25 21:56:27] $cat.fontfamily
INFO [2020-03-25 21:56:27] [1] "sans"
INFO [2020-03-25 21:56:27] 
INFO [2020-03-25 21:56:27] $main.fontfamily
INFO [2020-03-25 21:56:27] [1] "sans"
INFO [2020-03-25 21:56:27] 
