INFO [2020-03-25 20:48:45] [[1]]
INFO [2020-03-25 20:48:45] x
INFO [2020-03-25 20:48:45] 
INFO [2020-03-25 20:48:45] $col
INFO [2020-03-25 20:48:45] colors
INFO [2020-03-25 20:48:45] 
INFO [2020-03-25 20:48:45] $margin
INFO [2020-03-25 20:48:45] [1] 0.05
INFO [2020-03-25 20:48:45] 
INFO [2020-03-25 20:48:45] $filename
INFO [2020-03-25 20:48:45] NULL
INFO [2020-03-25 20:48:45] 
INFO [2020-03-25 20:48:45] $resolution
INFO [2020-03-25 20:48:45] [1] 900
INFO [2020-03-25 20:48:45] 
INFO [2020-03-25 20:48:45] $height
INFO [2020-03-25 20:48:45] [1] 400
INFO [2020-03-25 20:48:45] 
INFO [2020-03-25 20:48:45] $force.unique
INFO [2020-03-25 20:48:45] T
INFO [2020-03-25 20:48:45] 
INFO [2020-03-25 20:48:45] $main
INFO [2020-03-25 20:48:45] main
INFO [2020-03-25 20:48:45] 
INFO [2020-03-25 20:48:45] $sub
INFO [2020-03-25 20:48:45] [1] " "
INFO [2020-03-25 20:48:45] 
INFO [2020-03-25 20:48:45] $sub.pos
INFO [2020-03-25 20:48:45] c(0, 0)
INFO [2020-03-25 20:48:45] 
INFO [2020-03-25 20:48:45] $scaled
INFO [2020-03-25 20:48:45] F
INFO [2020-03-25 20:48:45] 
INFO [2020-03-25 20:48:45] $cat.cex
INFO [2020-03-25 20:48:45] [1] 1.1
INFO [2020-03-25 20:48:45] 
INFO [2020-03-25 20:48:45] $cex
INFO [2020-03-25 20:48:45] [1] 2
INFO [2020-03-25 20:48:45] 
INFO [2020-03-25 20:48:45] $cat.pos
INFO [2020-03-25 20:48:45] c(180, 180)
INFO [2020-03-25 20:48:45] 
INFO [2020-03-25 20:48:45] $cat.dist
INFO [2020-03-25 20:48:45] c(0.05, 0.05)
INFO [2020-03-25 20:48:45] 
INFO [2020-03-25 20:48:45] $fontfamily
INFO [2020-03-25 20:48:45] [1] "sans"
INFO [2020-03-25 20:48:45] 
INFO [2020-03-25 20:48:45] $cat.fontfamily
INFO [2020-03-25 20:48:45] [1] "sans"
INFO [2020-03-25 20:48:45] 
INFO [2020-03-25 20:48:45] $main.fontfamily
INFO [2020-03-25 20:48:45] [1] "sans"
INFO [2020-03-25 20:48:45] 
